#
# There is insufficient memory for the Java Runtime Environment to continue.
# Native memory allocation (malloc) failed to allocate 774976 bytes for Chunk::new
# Possible reasons:
#   The system is out of physical RAM or swap space
#   In 32 bit mode, the process size limit was hit
# Possible solutions:
#   Reduce memory load on the system
#   Increase physical memory or swap space
#   Check if swap backing store is full
#   Use 64 bit Java on a 64 bit OS
#   Decrease Java heap size (-Xmx/-Xms)
#   Decrease number of Java threads
#   Decrease Java thread stack sizes (-Xss)
#   Set larger code cache with -XX:ReservedCodeCacheSize=
# This output file may be truncated or incomplete.
#
#  Out of Memory Error (allocation.cpp:390), pid=11924, tid=0x0000000000003914
#
# JRE version: Java(TM) SE Runtime Environment (8.0_191-b12) (build 1.8.0_191-b12)
# Java VM: Java HotSpot(TM) 64-Bit Server VM (25.191-b12 mixed mode windows-amd64 compressed oops)
# Failed to write core dump. Minidumps are not enabled by default on client versions of Windows
#

---------------  T H R E A D  ---------------

Current thread (0x000000001a1eb800):  JavaThread "C2 CompilerThread1" daemon [_thread_in_native, id=14612, stack(0x000000001abb0000,0x000000001acb0000)]

Stack: [0x000000001abb0000,0x000000001acb0000]
[error occurred during error reporting (printing stack bounds), id 0xc0000005]

Native frames: (J=compiled Java code, j=interpreted, Vv=VM code, C=native code)


Current CompileTask:
C2:   1896 1465       4       java.net.URLClassLoader$1::run (5 bytes)


---------------  P R O C E S S  ---------------

Java Threads: ( => current thread )
  0x000000001d07c000 JavaThread "File lock request listener" [_thread_in_native, id=21280, stack(0x000000001f0d0000,0x000000001f1d0000)]
  0x000000001d07a800 JavaThread "Cache worker for journal cache (C:\Users\R.O.G\.gradle\caches\journal-1)" [_thread_blocked, id=21716, stack(0x000000001efd0000,0x000000001f0d0000)]
  0x000000001ce91000 JavaThread "Thread-9" [_thread_blocked, id=21684, stack(0x000000001ecd0000,0x000000001edd0000)]
  0x000000001ce8c800 JavaThread "Stdin handler" [_thread_blocked, id=21096, stack(0x000000001ebd0000,0x000000001ecd0000)]
  0x000000001ce28000 JavaThread "Asynchronous log dispatcher for DefaultDaemonConnection: socket connection from /127.0.0.1:50699 to /127.0.0.1:50700" [_thread_blocked, id=17720, stack(0x000000001ead0000,0x000000001ebd0000)]
  0x000000001ce9a000 JavaThread "Daemon worker" [_thread_in_Java, id=14200, stack(0x000000001e9d0000,0x000000001ead0000)]
  0x000000001ce99800 JavaThread "Cancel handler" [_thread_blocked, id=21380, stack(0x000000001e7d0000,0x000000001e8d0000)]
  0x000000001cde8800 JavaThread "Handler for socket connection from /127.0.0.1:50699 to /127.0.0.1:50700" [_thread_in_native, id=15684, stack(0x000000001e6d0000,0x000000001e7d0000)]
  0x000000001cdd0800 JavaThread "Daemon" [_thread_blocked, id=14328, stack(0x000000001e3d0000,0x000000001e4d0000)]
  0x000000001cd60800 JavaThread "Daemon periodic checks" [_thread_blocked, id=19084, stack(0x000000001e2d0000,0x000000001e3d0000)]
  0x000000001cd5f000 JavaThread "Incoming local TCP Connector on port 50699" [_thread_in_native, id=16872, stack(0x000000001e090000,0x000000001e190000)]
  0x000000001bdcf800 JavaThread "Daemon health stats" [_thread_blocked, id=19112, stack(0x000000001d850000,0x000000001d950000)]
  0x000000001a226000 JavaThread "Service Thread" daemon [_thread_blocked, id=4276, stack(0x000000001aeb0000,0x000000001afb0000)]
  0x000000001a1f6800 JavaThread "C1 CompilerThread3" daemon [_thread_blocked, id=22452, stack(0x000000001adb0000,0x000000001aeb0000)]
  0x000000001a1ed800 JavaThread "C2 CompilerThread2" daemon [_thread_blocked, id=9036, stack(0x000000001acb0000,0x000000001adb0000)]
=>0x000000001a1eb800 JavaThread "C2 CompilerThread1" daemon [_thread_in_native, id=14612, stack(0x000000001abb0000,0x000000001acb0000)]
  0x000000001a1e7000 JavaThread "C2 CompilerThread0" daemon [_thread_blocked, id=19228, stack(0x000000001aab0000,0x000000001abb0000)]
  0x000000001a1e1800 JavaThread "Attach Listener" daemon [_thread_blocked, id=9160, stack(0x000000001a9b0000,0x000000001aab0000)]
  0x000000001a1e1000 JavaThread "Signal Dispatcher" daemon [_thread_blocked, id=11752, stack(0x000000001a8b0000,0x000000001a9b0000)]
  0x000000001a1d0800 JavaThread "Finalizer" daemon [_thread_blocked, id=10736, stack(0x000000001a6b0000,0x000000001a7b0000)]
  0x00000000183dd000 JavaThread "Reference Handler" daemon [_thread_blocked, id=20964, stack(0x000000001a5b0000,0x000000001a6b0000)]
  0x000000000316e800 JavaThread "main" [_thread_blocked, id=14320, stack(0x0000000003170000,0x0000000003270000)]

Other Threads:
  0x00000000183d8800 VMThread [stack: 0x000000001a0b0000,0x000000001a1b0000] [id=10836]
  0x000000001a226800 WatcherThread [stack: 0x000000001afb0000,0x000000001b0b0000] [id=21128]

VM state:not at safepoint (normal execution)

VM Mutex/Monitor currently owned by a thread: None

Heap:
 PSYoungGen      total 76288K, used 13346K [0x00000000d5580000, 0x00000000daa80000, 0x0000000100000000)
  eden space 65536K, 6% used [0x00000000d5580000,0x00000000d5969aa8,0x00000000d9580000)
  from space 10752K, 86% used [0x00000000da000000,0x00000000da91f0b8,0x00000000daa80000)
  to   space 10752K, 0% used [0x00000000d9580000,0x00000000d9580000,0x00000000da000000)
 ParOldGen       total 175104K, used 24K [0x0000000080000000, 0x000000008ab00000, 0x00000000d5580000)
  object space 175104K, 0% used [0x0000000080000000,0x0000000080006000,0x000000008ab00000)
 Metaspace       used 15221K, capacity 15708K, committed 15872K, reserved 1062912K
  class space    used 2064K, capacity 2196K, committed 2304K, reserved 1048576K

Card table byte_map: [0x0000000012730000,0x0000000012b40000] byte_map_base: 0x0000000012330000

Marking Bits: (ParMarkBitMap*) 0x0000000072cb3e30
 Begin Bits: [0x00000000135f0000, 0x00000000155f0000)
 End Bits:   [0x00000000155f0000, 0x00000000175f0000)

Polling page: 0x0000000001890000

CodeCache: size=245760Kb used=5249Kb max_used=5255Kb free=240510Kb
 bounds [0x0000000003370000, 0x00000000038a0000, 0x0000000012370000]
 total_blobs=1856 nmethods=1469 adapters=299
 compilation: enabled

Compilation events (10 events):
Event: 1.862 Thread 0x000000001a1f6800 1467       3       java.lang.reflect.Field::<init> (44 bytes)
Event: 1.862 Thread 0x000000001a1f6800 nmethod 1467 0x000000000388f9d0 code [0x000000000388fb40, 0x000000000388fdd0]
Event: 1.873 Thread 0x000000001a1f6800 1468       1       java.util.concurrent.locks.AbstractOwnableSynchronizer::getExclusiveOwnerThread (5 bytes)
Event: 1.873 Thread 0x000000001a1f6800 nmethod 1468 0x000000000388f710 code [0x000000000388f860, 0x000000000388f970]
Event: 1.875 Thread 0x000000001a1f6800 1469       3       java.util.concurrent.locks.AbstractOwnableSynchronizer::setExclusiveOwnerThread (6 bytes)
Event: 1.875 Thread 0x000000001a1ed800 1470       4       java.lang.ref.ReferenceQueue::reallyPoll (65 bytes)
Event: 1.875 Thread 0x000000001a1f6800 nmethod 1469 0x000000000388f3d0 code [0x000000000388f520, 0x000000000388f690]
Event: 1.877 Thread 0x000000001a1ed800 nmethod 1470 0x000000000388dc10 code [0x000000000388dd40, 0x000000000388de78]
Event: 1.879 Thread 0x000000001a1f6800 1472       3       java.util.zip.Inflater::finalize (5 bytes)
Event: 1.879 Thread 0x000000001a1f6800 nmethod 1472 0x000000000388d4d0 code [0x000000000388d640, 0x000000000388d7e8]

GC Heap History (4 events):
Event: 0.878 GC heap before
{Heap before GC invocations=1 (full 0):
 PSYoungGen      total 76288K, used 65536K [0x00000000d5580000, 0x00000000daa80000, 0x0000000100000000)
  eden space 65536K, 100% used [0x00000000d5580000,0x00000000d9580000,0x00000000d9580000)
  from space 10752K, 0% used [0x00000000da000000,0x00000000da000000,0x00000000daa80000)
  to   space 10752K, 0% used [0x00000000d9580000,0x00000000d9580000,0x00000000da000000)
 ParOldGen       total 175104K, used 0K [0x0000000080000000, 0x000000008ab00000, 0x00000000d5580000)
  object space 175104K, 0% used [0x0000000080000000,0x0000000080000000,0x000000008ab00000)
 Metaspace       used 7694K, capacity 8022K, committed 8320K, reserved 1056768K
  class space    used 978K, capacity 1077K, committed 1152K, reserved 1048576K
Event: 0.883 GC heap after
Heap after GC invocations=1 (full 0):
 PSYoungGen      total 76288K, used 5994K [0x00000000d5580000, 0x00000000daa80000, 0x0000000100000000)
  eden space 65536K, 0% used [0x00000000d5580000,0x00000000d5580000,0x00000000d9580000)
  from space 10752K, 55% used [0x00000000d9580000,0x00000000d9b5abf0,0x00000000da000000)
  to   space 10752K, 0% used [0x00000000da000000,0x00000000da000000,0x00000000daa80000)
 ParOldGen       total 175104K, used 16K [0x0000000080000000, 0x000000008ab00000, 0x00000000d5580000)
  object space 175104K, 0% used [0x0000000080000000,0x0000000080004000,0x000000008ab00000)
 Metaspace       used 7694K, capacity 8022K, committed 8320K, reserved 1056768K
  class space    used 978K, capacity 1077K, committed 1152K, reserved 1048576K
}
Event: 1.865 GC heap before
{Heap before GC invocations=2 (full 0):
 PSYoungGen      total 76288K, used 71530K [0x00000000d5580000, 0x00000000daa80000, 0x0000000100000000)
  eden space 65536K, 100% used [0x00000000d5580000,0x00000000d9580000,0x00000000d9580000)
  from space 10752K, 55% used [0x00000000d9580000,0x00000000d9b5abf0,0x00000000da000000)
  to   space 10752K, 0% used [0x00000000da000000,0x00000000da000000,0x00000000daa80000)
 ParOldGen       total 175104K, used 16K [0x0000000080000000, 0x000000008ab00000, 0x00000000d5580000)
  object space 175104K, 0% used [0x0000000080000000,0x0000000080004000,0x000000008ab00000)
 Metaspace       used 14512K, capacity 15004K, committed 15360K, reserved 1062912K
  class space    used 2048K, capacity 2196K, committed 2304K, reserved 1048576K
Event: 1.873 GC heap after
Heap after GC invocations=2 (full 0):
 PSYoungGen      total 76288K, used 9340K [0x00000000d5580000, 0x00000000daa80000, 0x0000000100000000)
  eden space 65536K, 0% used [0x00000000d5580000,0x00000000d5580000,0x00000000d9580000)
  from space 10752K, 86% used [0x00000000da000000,0x00000000da91f0b8,0x00000000daa80000)
  to   space 10752K, 0% used [0x00000000d9580000,0x00000000d9580000,0x00000000da000000)
 ParOldGen       total 175104K, used 24K [0x0000000080000000, 0x000000008ab00000, 0x00000000d5580000)
  object space 175104K, 0% used [0x0000000080000000,0x0000000080006000,0x000000008ab00000)
 Metaspace       used 14512K, capacity 15004K, committed 15360K, reserved 1062912K
  class space    used 2048K, capacity 2196K, committed 2304K, reserved 1048576K
}

Deoptimization events (10 events):
Event: 1.663 Thread 0x000000001cde8800 Uncommon trap: reason=unstable_if action=reinterpret pc=0x0000000003680054 method=java.lang.String.substring(I)Ljava/lang/String; @ 35
Event: 1.691 Thread 0x000000001ce9a000 Uncommon trap: reason=unstable_if action=reinterpret pc=0x00000000037cb438 method=sun.nio.cs.UTF_8$Encoder.encodeArrayLoop(Ljava/nio/CharBuffer;Ljava/nio/ByteBuffer;)Ljava/nio/charset/CoderResult; @ 87
Event: 1.692 Thread 0x000000001ce9a000 Uncommon trap: reason=bimorphic action=maybe_recompile pc=0x000000000359d6c4 method=java.util.HashMap.putVal(ILjava/lang/Object;Ljava/lang/Object;ZZ)Ljava/lang/Object; @ 253
Event: 1.692 Thread 0x000000001ce9a000 Uncommon trap: reason=bimorphic action=maybe_recompile pc=0x000000000359d6c4 method=java.util.HashMap.putVal(ILjava/lang/Object;Ljava/lang/Object;ZZ)Ljava/lang/Object; @ 253
Event: 1.693 Thread 0x000000001ce9a000 Uncommon trap: reason=bimorphic action=maybe_recompile pc=0x000000000359d6c4 method=java.util.HashMap.putVal(ILjava/lang/Object;Ljava/lang/Object;ZZ)Ljava/lang/Object; @ 253
Event: 1.693 Thread 0x000000001ce9a000 Uncommon trap: reason=bimorphic action=maybe_recompile pc=0x000000000359d6c4 method=java.util.HashMap.putVal(ILjava/lang/Object;Ljava/lang/Object;ZZ)Ljava/lang/Object; @ 253
Event: 1.826 Thread 0x000000001ce9a000 Uncommon trap: reason=class_check action=maybe_recompile pc=0x000000000369b598 method=java.util.regex.Matcher.match(II)Z @ 86
Event: 1.826 Thread 0x000000001ce9a000 Uncommon trap: reason=class_check action=maybe_recompile pc=0x000000000369b598 method=java.util.regex.Matcher.match(II)Z @ 86
Event: 1.826 Thread 0x000000001ce9a000 Uncommon trap: reason=class_check action=maybe_recompile pc=0x000000000369b598 method=java.util.regex.Matcher.match(II)Z @ 86
Event: 1.826 Thread 0x000000001ce9a000 Uncommon trap: reason=class_check action=maybe_recompile pc=0x000000000352370c method=java.util.regex.Matcher.match(II)Z @ 86

Classes redefined (0 events):
No events

Internal exceptions (10 events):
Event: 1.651 Thread 0x000000001cde8800 Exception <a 'java/lang/NoSuchMethodError': <clinit>> (0x00000000d752f918) thrown at [C:\re\workspace\8-2-build-windows-amd64-cygwin\jdk8u191\11896\hotspot\src\share\vm\prims\jni.cpp, line 1613]
Event: 1.653 Thread 0x000000001cde8800 Exception <a 'java/lang/NoSuchMethodError': <clinit>> (0x00000000d7542b08) thrown at [C:\re\workspace\8-2-build-windows-amd64-cygwin\jdk8u191\11896\hotspot\src\share\vm\prims\jni.cpp, line 1613]
Event: 1.656 Thread 0x000000001cde8800 Exception <a 'java/lang/NoSuchMethodError': <clinit>> (0x00000000d756a028) thrown at [C:\re\workspace\8-2-build-windows-amd64-cygwin\jdk8u191\11896\hotspot\src\share\vm\prims\jni.cpp, line 1613]
Event: 1.657 Thread 0x000000001cde8800 Exception <a 'java/lang/NoSuchMethodError': <clinit>> (0x00000000d7582118) thrown at [C:\re\workspace\8-2-build-windows-amd64-cygwin\jdk8u191\11896\hotspot\src\share\vm\prims\jni.cpp, line 1613]
Event: 1.658 Thread 0x000000001cde8800 Exception <a 'java/lang/NoSuchMethodError': <clinit>> (0x00000000d758ada8) thrown at [C:\re\workspace\8-2-build-windows-amd64-cygwin\jdk8u191\11896\hotspot\src\share\vm\prims\jni.cpp, line 1613]
Event: 1.659 Thread 0x000000001cde8800 Exception <a 'java/lang/NoSuchMethodError': <clinit>> (0x00000000d75a1518) thrown at [C:\re\workspace\8-2-build-windows-amd64-cygwin\jdk8u191\11896\hotspot\src\share\vm\prims\jni.cpp, line 1613]
Event: 1.667 Thread 0x000000001cde8800 Exception <a 'java/lang/NoSuchMethodError': <clinit>> (0x00000000d7620218) thrown at [C:\re\workspace\8-2-build-windows-amd64-cygwin\jdk8u191\11896\hotspot\src\share\vm\prims\jni.cpp, line 1613]
Event: 1.670 Thread 0x000000001cde8800 Exception <a 'java/lang/NoSuchMethodError': <clinit>> (0x00000000d7650b18) thrown at [C:\re\workspace\8-2-build-windows-amd64-cygwin\jdk8u191\11896\hotspot\src\share\vm\prims\jni.cpp, line 1613]
Event: 1.674 Thread 0x000000001cde8800 Exception <a 'java/lang/NoSuchMethodError': <clinit>> (0x00000000d7680740) thrown at [C:\re\workspace\8-2-build-windows-amd64-cygwin\jdk8u191\11896\hotspot\src\share\vm\prims\jni.cpp, line 1613]
Event: 1.675 Thread 0x000000001cde8800 Exception <a 'java/lang/NoSuchMethodError': <clinit>> (0x00000000d768d0b0) thrown at [C:\re\workspace\8-2-build-windows-amd64-cygwin\jdk8u191\11896\hotspot\src\share\vm\prims\jni.cpp, line 1613]

Events (10 events):
Event: 1.886 loading class kotlin/collections/ArraysKt
Event: 1.886 loading class kotlin/collections/ArraysKt done
Event: 1.887 loading class kotlin/collections/ArraysKt___ArraysKt
Event: 1.887 loading class kotlin/collections/ArraysKt___ArraysKt done
Event: 1.893 loading class kotlin/collections/ArraysKt___ArraysJvmKt
Event: 1.893 loading class kotlin/collections/ArraysKt___ArraysJvmKt done
Event: 1.894 loading class kotlin/collections/ArraysKt__ArraysKt
Event: 1.894 loading class kotlin/collections/ArraysKt__ArraysKt done
Event: 1.895 loading class kotlin/collections/ArraysKt__ArraysJVMKt
Event: 1.895 loading class kotlin/collections/ArraysKt__ArraysJVMKt done


Dynamic libraries:
0x00007ff6671c0000 - 0x00007ff6671f7000 	C:\Program Files\Java\jdk1.8.0_191\bin\java.exe
0x00007ff840620000 - 0x00007ff840810000 	C:\WINDOWS\SYSTEM32\ntdll.dll
0x00007ff83fbe0000 - 0x00007ff83fc92000 	C:\WINDOWS\System32\KERNEL32.DLL
0x00007ff83daa0000 - 0x00007ff83dd45000 	C:\WINDOWS\System32\KERNELBASE.dll
0x00007ff83f190000 - 0x00007ff83f233000 	C:\WINDOWS\System32\ADVAPI32.dll
0x00007ff83e6d0000 - 0x00007ff83e76e000 	C:\WINDOWS\System32\msvcrt.dll
0x00007ff83e960000 - 0x00007ff83e9f7000 	C:\WINDOWS\System32\sechost.dll
0x00007ff83f240000 - 0x00007ff83f360000 	C:\WINDOWS\System32\RPCRT4.dll
0x00007ff83fcb0000 - 0x00007ff83fe45000 	C:\WINDOWS\System32\USER32.dll
0x00007ff83d720000 - 0x00007ff83d741000 	C:\WINDOWS\System32\win32u.dll
0x00007ff83ef80000 - 0x00007ff83efa6000 	C:\WINDOWS\System32\GDI32.dll
0x00007ff83e530000 - 0x00007ff83e6c6000 	C:\WINDOWS\System32\gdi32full.dll
0x00007ff83d850000 - 0x00007ff83d8ee000 	C:\WINDOWS\System32\msvcp_win.dll
0x00007ff83d920000 - 0x00007ff83da1a000 	C:\WINDOWS\System32\ucrtbase.dll
0x00007ff82a5d0000 - 0x00007ff82a854000 	C:\WINDOWS\WinSxS\amd64_microsoft.windows.common-controls_6595b64144ccf1df_6.0.18362.1082_none_9e8193e1e45b25c1\COMCTL32.dll
0x00007ff8402a0000 - 0x00007ff8405d5000 	C:\WINDOWS\System32\combase.dll
0x00007ff83da20000 - 0x00007ff83daa0000 	C:\WINDOWS\System32\bcryptPrimitives.dll
0x00007ff83f020000 - 0x00007ff83f04e000 	C:\WINDOWS\System32\IMM32.DLL
0x0000000072d40000 - 0x0000000072e12000 	C:\Program Files\Java\jdk1.8.0_191\jre\bin\msvcr100.dll
0x0000000072490000 - 0x0000000072d34000 	C:\Program Files\Java\jdk1.8.0_191\jre\bin\server\jvm.dll
0x00007ff840230000 - 0x00007ff840238000 	C:\WINDOWS\System32\PSAPI.DLL
0x00007ff826800000 - 0x00007ff826809000 	C:\WINDOWS\SYSTEM32\WSOCK32.dll
0x00007ff8354c0000 - 0x00007ff8354ca000 	C:\WINDOWS\SYSTEM32\VERSION.dll
0x00007ff839000000 - 0x00007ff839024000 	C:\WINDOWS\SYSTEM32\WINMM.dll
0x00007ff83fb70000 - 0x00007ff83fbdf000 	C:\WINDOWS\System32\WS2_32.dll
0x00007ff838fb0000 - 0x00007ff838fdd000 	C:\WINDOWS\SYSTEM32\WINMMBASE.dll
0x00007ff83d800000 - 0x00007ff83d84a000 	C:\WINDOWS\System32\cfgmgr32.dll
0x0000000072480000 - 0x000000007248f000 	C:\Program Files\Java\jdk1.8.0_191\jre\bin\verify.dll
0x0000000072450000 - 0x0000000072479000 	C:\Program Files\Java\jdk1.8.0_191\jre\bin\java.dll
0x00000000723e0000 - 0x00000000723f6000 	C:\Program Files\Java\jdk1.8.0_191\jre\bin\zip.dll
0x00007ff83f480000 - 0x00007ff83fb67000 	C:\WINDOWS\System32\SHELL32.dll
0x00007ff83f370000 - 0x00007ff83f419000 	C:\WINDOWS\System32\shcore.dll
0x00007ff83dd50000 - 0x00007ff83e4d0000 	C:\WINDOWS\System32\windows.storage.dll
0x00007ff83d580000 - 0x00007ff83d5a3000 	C:\WINDOWS\System32\profapi.dll
0x00007ff83d4f0000 - 0x00007ff83d53a000 	C:\WINDOWS\System32\powrprof.dll
0x00007ff83d4e0000 - 0x00007ff83d4f0000 	C:\WINDOWS\System32\UMPDC.dll
0x00007ff840240000 - 0x00007ff840292000 	C:\WINDOWS\System32\shlwapi.dll
0x00007ff83d540000 - 0x00007ff83d551000 	C:\WINDOWS\System32\kernel.appcore.dll
0x00007ff83d5b0000 - 0x00007ff83d5c7000 	C:\WINDOWS\System32\cryptsp.dll
0x00000000723c0000 - 0x00000000723da000 	C:\Program Files\Java\jdk1.8.0_191\jre\bin\net.dll
0x00007ff83cd30000 - 0x00007ff83cd97000 	C:\WINDOWS\system32\mswsock.dll
0x00000000723a0000 - 0x00000000723b1000 	C:\Program Files\Java\jdk1.8.0_191\jre\bin\nio.dll
0x00007ff81d830000 - 0x00007ff81d857000 	C:\Users\R.O.G\.gradle\native\f6784746aeab05261644944871eae4fe03e0ef1612fff0a4a95f87b438bc6780\windows-amd64\native-platform.dll
0x0000000072390000 - 0x000000007239d000 	C:\Program Files\Java\jdk1.8.0_191\jre\bin\management.dll
0x00007ff83c890000 - 0x00007ff83c8c3000 	C:\WINDOWS\system32\rsaenh.dll
0x00007ff83d8f0000 - 0x00007ff83d916000 	C:\WINDOWS\System32\bcrypt.dll
0x00007ff83d400000 - 0x00007ff83d425000 	C:\WINDOWS\SYSTEM32\USERENV.dll
0x00007ff83cf00000 - 0x00007ff83cf0c000 	C:\WINDOWS\SYSTEM32\CRYPTBASE.dll
0x00007ff83ca40000 - 0x00007ff83ca7a000 	C:\WINDOWS\SYSTEM32\IPHLPAPI.DLL
0x00007ff83fca0000 - 0x00007ff83fca8000 	C:\WINDOWS\System32\NSI.dll
0x00007ff8355a0000 - 0x00007ff8355b6000 	C:\WINDOWS\SYSTEM32\dhcpcsvc6.DLL
0x00007ff836650000 - 0x00007ff83666c000 	C:\WINDOWS\SYSTEM32\dhcpcsvc.DLL
0x00007ff83ca80000 - 0x00007ff83cb4b000 	C:\WINDOWS\SYSTEM32\DNSAPI.dll
0x00007ff8375b0000 - 0x00007ff8375bb000 	C:\WINDOWS\SYSTEM32\WINNSI.DLL

VM Arguments:
jvm_args: -Xmx2048m -Dfile.encoding=UTF-8 -Duser.country=ID -Duser.language=en -Duser.variant 
java_command: org.gradle.launcher.daemon.bootstrap.GradleDaemon 6.5
java_class_path (initial): C:\Users\R.O.G\.gradle\wrapper\dists\gradle-6.5-bin\6nifqtx7604sqp1q6g8wikw7p\gradle-6.5\lib\gradle-launcher-6.5.jar
Launcher Type: SUN_STANDARD

Environment Variables:
JAVA_HOME=C:\Program Files\Java\jdk1.8.0_191
USERNAME=R.O.G
OS=Windows_NT
PROCESSOR_IDENTIFIER=Intel64 Family 6 Model 158 Stepping 9, GenuineIntel



---------------  S Y S T E M  ---------------

OS: Windows 10.0 , 64 bit Build 18362 (10.0.18362.1082)

CPU:total 8 (initial active 8) (4 cores per cpu, 2 threads per core) family 6 model 158 stepping 9, cmov, cx8, fxsr, mmx, sse, sse2, sse3, ssse3, sse4.1, sse4.2, popcnt, avx, avx2, aes, clmul, erms, 3dnowpref, lzcnt, ht, tsc, tscinvbit, bmi1, bmi2, adx

Memory: 4k page, physical 16659272k(3004472k free), swap 23714556k(5124k free)

vm_info: Java HotSpot(TM) 64-Bit Server VM (25.191-b12) for windows-amd64 JRE (1.8.0_191-b12), built on Oct  6 2018 09:29:03 by "java_re" with MS VC++ 10.0 (VS2010)

time: Fri May 21 01:33:22 2021
elapsed time: 1 seconds (0d 0h 0m 1s)

