#
# There is insufficient memory for the Java Runtime Environment to continue.
# Native memory allocation (malloc) failed to allocate 455616 bytes for Chunk::new
# Possible reasons:
#   The system is out of physical RAM or swap space
#   In 32 bit mode, the process size limit was hit
# Possible solutions:
#   Reduce memory load on the system
#   Increase physical memory or swap space
#   Check if swap backing store is full
#   Use 64 bit Java on a 64 bit OS
#   Decrease Java heap size (-Xmx/-Xms)
#   Decrease number of Java threads
#   Decrease Java thread stack sizes (-Xss)
#   Set larger code cache with -XX:ReservedCodeCacheSize=
# This output file may be truncated or incomplete.
#
#  Out of Memory Error (allocation.cpp:390), pid=19328, tid=0x0000000000004fa0
#
# JRE version: Java(TM) SE Runtime Environment (8.0_191-b12) (build 1.8.0_191-b12)
# Java VM: Java HotSpot(TM) 64-Bit Server VM (25.191-b12 mixed mode windows-amd64 compressed oops)
# Failed to write core dump. Minidumps are not enabled by default on client versions of Windows
#

---------------  T H R E A D  ---------------

Current thread (0x0000000019ba3000):  JavaThread "C2 CompilerThread0" daemon [_thread_in_native, id=20384, stack(0x000000001a470000,0x000000001a570000)]

Stack: [0x000000001a470000,0x000000001a570000]
[error occurred during error reporting (printing stack bounds), id 0xc0000005]

Native frames: (J=compiled Java code, j=interpreted, Vv=VM code, C=native code)


Current CompileTask:
C2:   7925 5559       4       java.beans.Introspector::addMethod (196 bytes)


---------------  P R O C E S S  ---------------

Java Threads: ( => current thread )
  0x000000001ce34000 JavaThread "jar transforms Thread 114" [_thread_blocked, id=14696, stack(0x000000002d3f0000,0x000000002d4f0000)]
  0x000000001ce33800 JavaThread "jar transforms Thread 113" [_thread_blocked, id=10476, stack(0x000000002d2f0000,0x000000002d3f0000)]
  0x000000001ce38000 JavaThread "jar transforms Thread 112" [_thread_blocked, id=12912, stack(0x000000002d1f0000,0x000000002d2f0000)]
  0x000000001ce37000 JavaThread "jar transforms Thread 111" [_thread_blocked, id=10292, stack(0x000000002d0f0000,0x000000002d1f0000)]
  0x000000001ce35800 JavaThread "jar transforms Thread 110" [_thread_blocked, id=14620, stack(0x000000002cff0000,0x000000002d0f0000)]
  0x000000001ce32800 JavaThread "jar transforms Thread 109" [_thread_blocked, id=8516, stack(0x000000002cef0000,0x000000002cff0000)]
  0x000000001ce30800 JavaThread "jar transforms Thread 108" [_thread_blocked, id=20612, stack(0x000000002cdf0000,0x000000002cef0000)]
  0x000000001ce35000 JavaThread "jar transforms Thread 107" [_thread_blocked, id=8360, stack(0x000000002ccf0000,0x000000002cdf0000)]
  0x000000001ce32000 JavaThread "jar transforms Thread 106" [_thread_blocked, id=15448, stack(0x000000002cbf0000,0x000000002ccf0000)]
  0x0000000020193000 JavaThread "jar transforms Thread 105" [_thread_blocked, id=21628, stack(0x000000002caf0000,0x000000002cbf0000)]
  0x000000002018f800 JavaThread "jar transforms Thread 104" [_thread_blocked, id=22068, stack(0x000000002c9f0000,0x000000002caf0000)]
  0x0000000020192800 JavaThread "jar transforms Thread 103" [_thread_blocked, id=10752, stack(0x000000002c8f0000,0x000000002c9f0000)]
  0x0000000020191000 JavaThread "jar transforms Thread 102" [_thread_blocked, id=22392, stack(0x000000002c7f0000,0x000000002c8f0000)]
  0x000000002018e800 JavaThread "jar transforms Thread 101" [_thread_blocked, id=21132, stack(0x000000002c6f0000,0x000000002c7f0000)]
  0x0000000020191800 JavaThread "jar transforms Thread 100" [_thread_blocked, id=14556, stack(0x000000002c5f0000,0x000000002c6f0000)]
  0x0000000020190000 JavaThread "jar transforms Thread 99" [_thread_blocked, id=20540, stack(0x000000002c4f0000,0x000000002c5f0000)]
  0x0000000020187000 JavaThread "jar transforms Thread 98" [_thread_blocked, id=15228, stack(0x000000002c3f0000,0x000000002c4f0000)]
  0x000000002018e000 JavaThread "jar transforms Thread 97" [_thread_blocked, id=4892, stack(0x000000002c2f0000,0x000000002c3f0000)]
  0x0000000020186800 JavaThread "jar transforms Thread 96" [_thread_blocked, id=21792, stack(0x000000002c1f0000,0x000000002c2f0000)]
  0x0000000020188800 JavaThread "jar transforms Thread 95" [_thread_blocked, id=15188, stack(0x000000002c0f0000,0x000000002c1f0000)]
  0x000000002018a000 JavaThread "jar transforms Thread 94" [_thread_blocked, id=19400, stack(0x000000002bff0000,0x000000002c0f0000)]
  0x000000002018d000 JavaThread "jar transforms Thread 93" [_thread_blocked, id=21404, stack(0x000000002bef0000,0x000000002bff0000)]
  0x0000000020185800 JavaThread "jar transforms Thread 92" [_thread_blocked, id=20132, stack(0x000000002bdf0000,0x000000002bef0000)]
  0x000000002018c800 JavaThread "jar transforms Thread 91" [_thread_blocked, id=21856, stack(0x000000002bcf0000,0x000000002bdf0000)]
  0x0000000020185000 JavaThread "jar transforms Thread 90" [_thread_blocked, id=7432, stack(0x000000002bbf0000,0x000000002bcf0000)]
  0x000000002018b800 JavaThread "jar transforms Thread 89" [_thread_blocked, id=6308, stack(0x000000002b9f0000,0x000000002baf0000)]
  0x0000000020189800 JavaThread "jar transforms Thread 88" [_thread_blocked, id=20364, stack(0x000000002b8f0000,0x000000002b9f0000)]
  0x0000000020184000 JavaThread "jar transforms Thread 87" [_thread_blocked, id=4644, stack(0x000000002b7f0000,0x000000002b8f0000)]
  0x0000000020188000 JavaThread "jar transforms Thread 86" [_thread_blocked, id=21156, stack(0x000000002b6f0000,0x000000002b7f0000)]
  0x000000002018b000 JavaThread "jar transforms Thread 85" [_thread_blocked, id=11732, stack(0x000000002b5f0000,0x000000002b6f0000)]
  0x0000000024a51000 JavaThread "jar transforms Thread 84" [_thread_blocked, id=20904, stack(0x000000002b4f0000,0x000000002b5f0000)]
  0x0000000024a4d800 JavaThread "jar transforms Thread 83" [_thread_blocked, id=18564, stack(0x000000002b3f0000,0x000000002b4f0000)]
  0x0000000024a50800 JavaThread "jar transforms Thread 82" [_thread_blocked, id=12056, stack(0x000000002b2f0000,0x000000002b3f0000)]
  0x0000000024a4c800 JavaThread "jar transforms Thread 81" [_thread_blocked, id=21968, stack(0x000000002b1f0000,0x000000002b2f0000)]
  0x0000000024a53800 JavaThread "jar transforms Thread 80" [_thread_blocked, id=10028, stack(0x000000002b0f0000,0x000000002b1f0000)]
  0x0000000024a52800 JavaThread "jar transforms Thread 79" [_thread_blocked, id=18056, stack(0x000000002aff0000,0x000000002b0f0000)]
  0x0000000024a52000 JavaThread "jar transforms Thread 78" [_thread_blocked, id=14188, stack(0x000000002aef0000,0x000000002aff0000)]
  0x0000000024a4f800 JavaThread "jar transforms Thread 77" [_thread_blocked, id=9196, stack(0x000000002adf0000,0x000000002aef0000)]
  0x0000000024a4f000 JavaThread "jar transforms Thread 76" [_thread_blocked, id=6528, stack(0x000000002acf0000,0x000000002adf0000)]
  0x0000000024a4e000 JavaThread "jar transforms Thread 75" [_thread_blocked, id=21652, stack(0x000000002abf0000,0x000000002acf0000)]
  0x0000000024a49000 JavaThread "jar transforms Thread 74" [_thread_blocked, id=10692, stack(0x000000002aaf0000,0x000000002abf0000)]
  0x0000000024a4c000 JavaThread "jar transforms Thread 73" [_thread_blocked, id=20620, stack(0x000000002a9f0000,0x000000002aaf0000)]
  0x0000000024a45000 JavaThread "jar transforms Thread 72" [_thread_blocked, id=9504, stack(0x000000002a8f0000,0x000000002a9f0000)]
  0x0000000024a49800 JavaThread "jar transforms Thread 71" [_thread_blocked, id=9372, stack(0x000000002a7f0000,0x000000002a8f0000)]
  0x0000000024a44800 JavaThread "jar transforms Thread 70" [_thread_blocked, id=22208, stack(0x000000002a6f0000,0x000000002a7f0000)]
  0x0000000024a48000 JavaThread "jar transforms Thread 69" [_thread_blocked, id=20688, stack(0x000000002a5f0000,0x000000002a6f0000)]
  0x0000000024a4b000 JavaThread "jar transforms Thread 68" [_thread_blocked, id=21108, stack(0x000000002a4f0000,0x000000002a5f0000)]
  0x0000000024a46000 JavaThread "jar transforms Thread 67" [_thread_blocked, id=19484, stack(0x000000002a3f0000,0x000000002a4f0000)]
  0x0000000024a47800 JavaThread "jar transforms Thread 66" [_thread_blocked, id=20936, stack(0x000000002a2f0000,0x000000002a3f0000)]
  0x0000000024a46800 JavaThread "jar transforms Thread 65" [_thread_blocked, id=1632, stack(0x000000002a1f0000,0x000000002a2f0000)]
  0x0000000024a4a800 JavaThread "jar transforms Thread 64" [_thread_blocked, id=22000, stack(0x000000002a0f0000,0x000000002a1f0000)]
  0x0000000024a12000 JavaThread "jar transforms Thread 63" [_thread_blocked, id=19536, stack(0x0000000029ff0000,0x000000002a0f0000)]
  0x0000000024a11000 JavaThread "jar transforms Thread 62" [_thread_blocked, id=500, stack(0x0000000029ef0000,0x0000000029ff0000)]
  0x0000000024a10800 JavaThread "jar transforms Thread 61" [_thread_blocked, id=17920, stack(0x0000000029df0000,0x0000000029ef0000)]
  0x0000000024a0f800 JavaThread "jar transforms Thread 60" [_thread_blocked, id=6988, stack(0x0000000029cf0000,0x0000000029df0000)]
  0x0000000024a0e000 JavaThread "jar transforms Thread 59" [_thread_blocked, id=9516, stack(0x0000000029bf0000,0x0000000029cf0000)]
  0x0000000024a0d800 JavaThread "jar transforms Thread 58" [_thread_blocked, id=18004, stack(0x0000000029af0000,0x0000000029bf0000)]
  0x0000000024a0f000 JavaThread "jar transforms Thread 57" [_thread_blocked, id=18800, stack(0x00000000299f0000,0x0000000029af0000)]
  0x0000000024a0c800 JavaThread "jar transforms Thread 56" [_thread_blocked, id=18876, stack(0x00000000296f0000,0x00000000297f0000)]
  0x0000000024a05000 JavaThread "jar transforms Thread 55" [_thread_blocked, id=17912, stack(0x00000000295f0000,0x00000000296f0000)]
  0x0000000024a06800 JavaThread "jar transforms Thread 54" [_thread_blocked, id=22176, stack(0x00000000294f0000,0x00000000295f0000)]
  0x0000000024a0c000 JavaThread "jar transforms Thread 53" [_thread_blocked, id=6016, stack(0x00000000293f0000,0x00000000294f0000)]
  0x0000000024a0b000 JavaThread "jar transforms Thread 52" [_thread_blocked, id=20860, stack(0x00000000292f0000,0x00000000293f0000)]
  0x0000000024a04000 JavaThread "jar transforms Thread 51" [_thread_blocked, id=19712, stack(0x00000000291f0000,0x00000000292f0000)]
  0x0000000024a03800 JavaThread "jar transforms Thread 50" [_thread_blocked, id=14848, stack(0x00000000290f0000,0x00000000291f0000)]
  0x0000000024a0a800 JavaThread "jar transforms Thread 49" [_thread_blocked, id=19188, stack(0x0000000028ff0000,0x00000000290f0000)]
  0x0000000024a02800 JavaThread "jar transforms Thread 48" [_thread_blocked, id=6716, stack(0x0000000028ef0000,0x0000000028ff0000)]
  0x0000000024a05800 JavaThread "jar transforms Thread 47" [_thread_blocked, id=5088, stack(0x0000000028df0000,0x0000000028ef0000)]
  0x0000000024a08000 JavaThread "jar transforms Thread 46" [_thread_blocked, id=21016, stack(0x0000000028cf0000,0x0000000028df0000)]
  0x0000000024a09800 JavaThread "jar transforms Thread 45" [_thread_blocked, id=8104, stack(0x0000000028bf0000,0x0000000028cf0000)]
  0x0000000024a09000 JavaThread "jar transforms Thread 44" [_thread_blocked, id=20780, stack(0x0000000028af0000,0x0000000028bf0000)]
  0x0000000024a07000 JavaThread "jar transforms Thread 43" [_thread_blocked, id=15040, stack(0x00000000289f0000,0x0000000028af0000)]
  0x0000000024da5800 JavaThread "jar transforms Thread 42" [_thread_blocked, id=9676, stack(0x00000000288f0000,0x00000000289f0000)]
  0x0000000024da4800 JavaThread "jar transforms Thread 41" [_thread_blocked, id=5396, stack(0x00000000287f0000,0x00000000288f0000)]
  0x0000000024da4000 JavaThread "jar transforms Thread 40" [_thread_blocked, id=12608, stack(0x00000000286f0000,0x00000000287f0000)]
  0x0000000024da3000 JavaThread "jar transforms Thread 39" [_thread_blocked, id=19052, stack(0x00000000285f0000,0x00000000286f0000)]
  0x0000000024da6800 JavaThread "jar transforms Thread 38" [_thread_blocked, id=15412, stack(0x00000000284f0000,0x00000000285f0000)]
  0x0000000024d9e800 JavaThread "jar transforms Thread 37" [_thread_blocked, id=11860, stack(0x00000000283f0000,0x00000000284f0000)]
  0x0000000024da2800 JavaThread "jar transforms Thread 36" [_thread_blocked, id=20448, stack(0x00000000282f0000,0x00000000283f0000)]
  0x0000000024d9f800 JavaThread "jar transforms Thread 35" [_thread_blocked, id=15688, stack(0x00000000281f0000,0x00000000282f0000)]
  0x0000000024d9b000 JavaThread "jar transforms Thread 34" [_thread_blocked, id=19668, stack(0x00000000280f0000,0x00000000281f0000)]
  0x0000000024da1800 JavaThread "jar transforms Thread 33" [_thread_blocked, id=20060, stack(0x0000000027ff0000,0x00000000280f0000)]
  0x0000000024d9c800 JavaThread "jar transforms Thread 32" [_thread_blocked, id=20396, stack(0x0000000027ef0000,0x0000000027ff0000)]
  0x0000000024da0000 JavaThread "jar transforms Thread 31" [_thread_blocked, id=11836, stack(0x0000000027df0000,0x0000000027ef0000)]
  0x0000000024d9a000 JavaThread "jar transforms Thread 30" [_thread_blocked, id=8428, stack(0x0000000027cf0000,0x0000000027df0000)]
  0x0000000024da1000 JavaThread "jar transforms Thread 29" [_thread_blocked, id=16004, stack(0x0000000027bf0000,0x0000000027cf0000)]
  0x0000000024d97000 JavaThread "jar transforms Thread 28" [_thread_blocked, id=19816, stack(0x0000000027af0000,0x0000000027bf0000)]
  0x0000000024d99800 JavaThread "jar transforms Thread 27" [_thread_blocked, id=3020, stack(0x00000000279f0000,0x0000000027af0000)]
  0x0000000024d98800 JavaThread "jar transforms Thread 26" [_thread_blocked, id=19608, stack(0x00000000278f0000,0x00000000279f0000)]
  0x0000000024d9e000 JavaThread "jar transforms Thread 25" [_thread_blocked, id=21860, stack(0x00000000277f0000,0x00000000278f0000)]
  0x0000000024d9b800 JavaThread "jar transforms Thread 24" [_thread_blocked, id=5132, stack(0x00000000276f0000,0x00000000277f0000)]
  0x0000000024d98000 JavaThread "jar transforms Thread 23" [_thread_blocked, id=260, stack(0x00000000275f0000,0x00000000276f0000)]
  0x0000000024d9d000 JavaThread "jar transforms Thread 22" [_thread_blocked, id=21256, stack(0x00000000274f0000,0x00000000275f0000)]
  0x000000001bec8800 JavaThread "jar transforms Thread 21" [_thread_blocked, id=18972, stack(0x00000000273f0000,0x00000000274f0000)]
  0x000000001bec7800 JavaThread "Build operations Thread 8" [_thread_blocked, id=20096, stack(0x00000000272f0000,0x00000000273f0000)]
  0x000000001bec7000 JavaThread "Build operations Thread 7" [_thread_blocked, id=17184, stack(0x00000000271f0000,0x00000000272f0000)]
  0x000000001bec4000 JavaThread "Build operations Thread 6" [_thread_blocked, id=5800, stack(0x00000000270f0000,0x00000000271f0000)]
  0x000000001bec6000 JavaThread "Build operations Thread 5" [_thread_blocked, id=20940, stack(0x0000000026ff0000,0x00000000270f0000)]
  0x000000001bebe800 JavaThread "Build operations Thread 4" [_thread_blocked, id=20832, stack(0x0000000026ef0000,0x0000000026ff0000)]
  0x000000001bec5800 JavaThread "Build operations Thread 3" [_thread_blocked, id=7464, stack(0x0000000026df0000,0x0000000026ef0000)]
  0x000000001bec1800 JavaThread "Build operations Thread 2" [_thread_blocked, id=19880, stack(0x0000000026cf0000,0x0000000026df0000)]
  0x000000001bec0000 JavaThread "Build operations" [_thread_blocked, id=20264, stack(0x0000000026bf0000,0x0000000026cf0000)]
  0x000000001bec3000 JavaThread "Cache worker for Build Output Cleanup Cache (D:\KULIAH\Predict\.gradle\buildOutputCleanup)" [_thread_blocked, id=11604, stack(0x0000000024330000,0x0000000024430000)]
  0x000000001bec2800 JavaThread "Cache worker for file content cache (C:\Users\R.O.G\.gradle\caches\6.5\fileContent)" [_thread_blocked, id=780, stack(0x0000000024230000,0x0000000024330000)]
  0x000000001bec4800 JavaThread "Cache worker for execution history cache (C:\Users\R.O.G\.gradle\caches\6.5\executionHistory)" [_thread_blocked, id=13008, stack(0x0000000023d30000,0x0000000023e30000)]
  0x000000001beba000 JavaThread "Cache worker for cache directory md-rule (C:\Users\R.O.G\.gradle\caches\6.5\md-rule)" [_thread_blocked, id=3080, stack(0x0000000023a30000,0x0000000023b30000)]
  0x000000001bec1000 JavaThread "Cache worker for cache directory md-supplier (C:\Users\R.O.G\.gradle\caches\6.5\md-supplier)" [_thread_blocked, id=8380, stack(0x0000000023930000,0x0000000023a30000)]
  0x000000001bebb000 JavaThread "Cache worker for checksums cache (D:\KULIAH\Predict\.gradle\checksums)" [_thread_blocked, id=10892, stack(0x0000000023830000,0x0000000023930000)]
  0x000000001beb9800 JavaThread "jar transforms Thread 20" [_thread_blocked, id=3896, stack(0x0000000023530000,0x0000000023630000)]
  0x000000001bebd000 JavaThread "jar transforms Thread 19" [_thread_blocked, id=14840, stack(0x0000000021130000,0x0000000021230000)]
  0x000000001bebc800 JavaThread "jar transforms Thread 18" [_thread_blocked, id=11168, stack(0x0000000021030000,0x0000000021130000)]
  0x000000001bebb800 JavaThread "jar transforms Thread 17" [_thread_blocked, id=6032, stack(0x0000000020f30000,0x0000000021030000)]
  0x000000001fdb9000 JavaThread "jar transforms Thread 16" [_thread_blocked, id=8720, stack(0x0000000020e30000,0x0000000020f30000)]
  0x000000001fdba800 JavaThread "jar transforms Thread 15" [_thread_blocked, id=21560, stack(0x0000000023430000,0x0000000023530000)]
  0x000000001fdb8800 JavaThread "jar transforms Thread 14" [_thread_blocked, id=19900, stack(0x0000000023330000,0x0000000023430000)]
  0x000000001fdbc000 JavaThread "jar transforms Thread 13" [_thread_blocked, id=20716, stack(0x0000000023230000,0x0000000023330000)]
  0x000000001fdbb800 JavaThread "jar transforms Thread 12" [_thread_blocked, id=15896, stack(0x0000000023130000,0x0000000023230000)]
  0x000000001fdb7800 JavaThread "jar transforms Thread 11" [_thread_blocked, id=22308, stack(0x0000000023030000,0x0000000023130000)]
  0x000000001fdba000 JavaThread "jar transforms Thread 10" [_thread_blocked, id=22296, stack(0x0000000022f30000,0x0000000023030000)]
  0x000000001fdbd800 JavaThread "jar transforms Thread 9" [_thread_blocked, id=5840, stack(0x0000000022e30000,0x0000000022f30000)]
  0x000000001fdb7000 JavaThread "jar transforms Thread 8" [_thread_blocked, id=20048, stack(0x0000000022d30000,0x0000000022e30000)]
  0x000000001fdbd000 JavaThread "jar transforms Thread 7" [_thread_blocked, id=18820, stack(0x0000000022c30000,0x0000000022d30000)]
  0x000000001c8ac800 JavaThread "jar transforms Thread 6" [_thread_blocked, id=6684, stack(0x0000000022b30000,0x0000000022c30000)]
  0x000000001c8ae800 JavaThread "jar transforms Thread 5" [_thread_blocked, id=9136, stack(0x0000000022a30000,0x0000000022b30000)]
  0x000000001c8b0000 JavaThread "jar transforms Thread 4" [_thread_blocked, id=5936, stack(0x0000000022930000,0x0000000022a30000)]
  0x000000001c8b3000 JavaThread "jar transforms Thread 3" [_thread_blocked, id=21512, stack(0x0000000022690000,0x0000000022790000)]
  0x000000001c8ae000 JavaThread "jar transforms Thread 2" [_thread_blocked, id=18760, stack(0x0000000022590000,0x0000000022690000)]
  0x000000001c8b2800 JavaThread "jar transforms" [_thread_blocked, id=21280, stack(0x0000000022490000,0x0000000022590000)]
  0x000000001c8b1800 JavaThread "Cache worker for file hash cache (D:\KULIAH\Predict\.gradle\6.5\fileHashes)" [_thread_blocked, id=15604, stack(0x0000000022830000,0x0000000022930000)]
  0x000000001c8ad000 JavaThread "Cache worker for file hash cache (C:\Users\R.O.G\.gradle\caches\6.5\fileHashes)" [_thread_blocked, id=17320, stack(0x000000001eb90000,0x000000001ec90000)]
  0x000000001c8b1000 JavaThread "File lock request listener" [_thread_in_native, id=3684, stack(0x000000001ea90000,0x000000001eb90000)]
  0x000000001c8af800 JavaThread "Cache worker for journal cache (C:\Users\R.O.G\.gradle\caches\journal-1)" [_thread_blocked, id=16200, stack(0x000000001e990000,0x000000001ea90000)]
  0x000000001c7cf800 JavaThread "Thread-9" [_thread_blocked, id=21244, stack(0x000000001e690000,0x000000001e790000)]
  0x000000001c7cb000 JavaThread "Stdin handler" [_thread_blocked, id=21516, stack(0x000000001e590000,0x000000001e690000)]
  0x000000001c7ca000 JavaThread "Asynchronous log dispatcher for DefaultDaemonConnection: socket connection from /127.0.0.1:50598 to /127.0.0.1:50599" [_thread_blocked, id=9796, stack(0x000000001e490000,0x000000001e590000)]
  0x000000001c7ac800 JavaThread "Daemon worker" [_thread_in_vm, id=8028, stack(0x000000001e390000,0x000000001e490000)]
  0x000000001c7d0800 JavaThread "Cancel handler" [_thread_blocked, id=11752, stack(0x000000001e190000,0x000000001e290000)]
  0x000000001c780000 JavaThread "Handler for socket connection from /127.0.0.1:50598 to /127.0.0.1:50599" [_thread_in_native, id=13088, stack(0x000000001e090000,0x000000001e190000)]
  0x000000001c77a800 JavaThread "Daemon" [_thread_blocked, id=18804, stack(0x000000001dd90000,0x000000001de90000)]
  0x000000001c717800 JavaThread "Daemon periodic checks" [_thread_blocked, id=18208, stack(0x000000001dc90000,0x000000001dd90000)]
  0x000000001c716800 JavaThread "Incoming local TCP Connector on port 50598" [_thread_in_native, id=19128, stack(0x000000001da50000,0x000000001db50000)]
  0x000000001c6e4000 JavaThread "Daemon health stats" [_thread_blocked, id=2732, stack(0x000000001d210000,0x000000001d310000)]
  0x0000000019bd0000 JavaThread "Service Thread" daemon [_thread_blocked, id=20344, stack(0x000000001a870000,0x000000001a970000)]
  0x0000000019bb7800 JavaThread "C1 CompilerThread3" daemon [_thread_blocked, id=19396, stack(0x000000001a770000,0x000000001a870000)]
  0x0000000019baa800 JavaThread "C2 CompilerThread2" daemon [_thread_in_native, id=3648, stack(0x000000001a670000,0x000000001a770000)]
  0x0000000019ba8000 JavaThread "C2 CompilerThread1" daemon [_thread_in_native, id=19228, stack(0x000000001a570000,0x000000001a670000)]
=>0x0000000019ba3000 JavaThread "C2 CompilerThread0" daemon [_thread_in_native, id=20384, stack(0x000000001a470000,0x000000001a570000)]
  0x0000000019ba1800 JavaThread "Attach Listener" daemon [_thread_blocked, id=9556, stack(0x000000001a370000,0x000000001a470000)]
  0x0000000019ba0800 JavaThread "Signal Dispatcher" daemon [_thread_blocked, id=17172, stack(0x000000001a270000,0x000000001a370000)]
  0x0000000019b91000 JavaThread "Finalizer" daemon [_thread_blocked, id=21564, stack(0x000000001a070000,0x000000001a170000)]
  0x0000000019b90800 JavaThread "Reference Handler" daemon [_thread_blocked, id=13896, stack(0x0000000019f70000,0x000000001a070000)]
  0x0000000000d8e800 JavaThread "main" [_thread_blocked, id=16952, stack(0x0000000002b30000,0x0000000002c30000)]

Other Threads:
  0x0000000017d99000 VMThread [stack: 0x0000000019a70000,0x0000000019b70000] [id=5716]
  0x0000000019bd0800 WatcherThread [stack: 0x000000001a970000,0x000000001aa70000] [id=22400]

VM state:not at safepoint (normal execution)

VM Mutex/Monitor currently owned by a thread: None

Heap:
 PSYoungGen      total 218112K, used 42643K [0x00000000d5580000, 0x00000000e5180000, 0x0000000100000000)
  eden space 198656K, 21% used [0x00000000d5580000,0x00000000d7f24f20,0x00000000e1780000)
  from space 19456K, 0% used [0x00000000e3e80000,0x00000000e3e80000,0x00000000e5180000)
  to   space 12800K, 0% used [0x00000000e1780000,0x00000000e1780000,0x00000000e2400000)
 ParOldGen       total 86016K, used 32153K [0x0000000080000000, 0x0000000085400000, 0x00000000d5580000)
  object space 86016K, 37% used [0x0000000080000000,0x0000000081f667d8,0x0000000085400000)
 Metaspace       used 58205K, capacity 60538K, committed 60800K, reserved 1101824K
  class space    used 7827K, capacity 8299K, committed 8320K, reserved 1048576K

Card table byte_map: [0x00000000120f0000,0x0000000012500000] byte_map_base: 0x0000000011cf0000

Marking Bits: (ParMarkBitMap*) 0x0000000072cb3e30
 Begin Bits: [0x0000000012fb0000, 0x0000000014fb0000)
 End Bits:   [0x0000000014fb0000, 0x0000000016fb0000)

Polling page: 0x00000000009e0000

CodeCache: size=245760Kb used=16860Kb max_used=16865Kb free=228899Kb
 bounds [0x0000000002d30000, 0x0000000003df0000, 0x0000000011d30000]
 total_blobs=5738 nmethods=4945 adapters=705
 compilation: enabled

Compilation events (10 events):
Event: 7.892 Thread 0x0000000019bb7800 5603       3       com.google.common.collect.ImmutableMap$Builder::put (53 bytes)
Event: 7.893 Thread 0x0000000019bb7800 nmethod 5603 0x000000000305a190 code [0x000000000305a320, 0x000000000305a7b8]
Event: 7.893 Thread 0x0000000019bb7800 5602       3       java.util.LinkedHashMap$LinkedEntrySet::iterator (12 bytes)
Event: 7.893 Thread 0x0000000019bb7800 nmethod 5602 0x0000000003059b90 code [0x0000000003059d00, 0x000000000305a010]
Event: 7.903 Thread 0x0000000019bb7800 5604       3       java.lang.Enum::equals (11 bytes)
Event: 7.903 Thread 0x0000000019bb7800 nmethod 5604 0x0000000003059790 code [0x00000000030598e0, 0x0000000003059a90]
Event: 7.903 Thread 0x0000000019bb7800 5605       3       com.google.common.base.Preconditions::checkNotNull (14 bytes)
Event: 7.904 Thread 0x0000000019bb7800 nmethod 5605 0x00000000037c43d0 code [0x00000000037c4540, 0x00000000037c4768]
Event: 7.915 Thread 0x0000000019bb7800 5607       3       java.lang.Enum::hashCode (5 bytes)
Event: 7.915 Thread 0x0000000019bb7800 nmethod 5607 0x00000000037c4050 code [0x00000000037c41c0, 0x00000000037c4348]

GC Heap History (10 events):
Event: 3.868 GC heap before
{Heap before GC invocations=9 (full 2):
 PSYoungGen      total 128512K, used 8910K [0x00000000d5580000, 0x00000000e3380000, 0x0000000100000000)
  eden space 115200K, 0% used [0x00000000d5580000,0x00000000d5580000,0x00000000dc600000)
  from space 13312K, 66% used [0x00000000dc600000,0x00000000dceb3b60,0x00000000dd300000)
  to   space 12800K, 0% used [0x00000000e2700000,0x00000000e2700000,0x00000000e3380000)
 ParOldGen       total 86016K, used 6861K [0x0000000080000000, 0x0000000085400000, 0x00000000d5580000)
  object space 86016K, 7% used [0x0000000080000000,0x00000000806b3518,0x0000000085400000)
 Metaspace       used 34081K, capacity 35408K, committed 35496K, reserved 1079296K
  class space    used 4715K, capacity 5039K, committed 5120K, reserved 1048576K
Event: 3.927 GC heap after
Heap after GC invocations=9 (full 2):
 PSYoungGen      total 128512K, used 0K [0x00000000d5580000, 0x00000000e3380000, 0x0000000100000000)
  eden space 115200K, 0% used [0x00000000d5580000,0x00000000d5580000,0x00000000dc600000)
  from space 13312K, 0% used [0x00000000dc600000,0x00000000dc600000,0x00000000dd300000)
  to   space 12800K, 0% used [0x00000000e2700000,0x00000000e2700000,0x00000000e3380000)
 ParOldGen       total 86016K, used 15367K [0x0000000080000000, 0x0000000085400000, 0x00000000d5580000)
  object space 86016K, 17% used [0x0000000080000000,0x0000000080f01cb0,0x0000000085400000)
 Metaspace       used 34081K, capacity 35408K, committed 35496K, reserved 1079296K
  class space    used 4715K, capacity 5039K, committed 5120K, reserved 1048576K
}
Event: 5.011 GC heap before
{Heap before GC invocations=10 (full 2):
 PSYoungGen      total 128512K, used 115200K [0x00000000d5580000, 0x00000000e3380000, 0x0000000100000000)
  eden space 115200K, 100% used [0x00000000d5580000,0x00000000dc600000,0x00000000dc600000)
  from space 13312K, 0% used [0x00000000dc600000,0x00000000dc600000,0x00000000dd300000)
  to   space 12800K, 0% used [0x00000000e2700000,0x00000000e2700000,0x00000000e3380000)
 ParOldGen       total 86016K, used 15367K [0x0000000080000000, 0x0000000085400000, 0x00000000d5580000)
  object space 86016K, 17% used [0x0000000080000000,0x0000000080f01cb0,0x0000000085400000)
 Metaspace       used 38761K, capacity 40614K, committed 40704K, reserved 1083392K
  class space    used 5462K, capacity 5814K, committed 5888K, reserved 1048576K
Event: 5.018 GC heap after
Heap after GC invocations=10 (full 2):
 PSYoungGen      total 182272K, used 9509K [0x00000000d5580000, 0x00000000e3080000, 0x0000000100000000)
  eden space 172544K, 0% used [0x00000000d5580000,0x00000000d5580000,0x00000000dfe00000)
  from space 9728K, 97% used [0x00000000e2700000,0x00000000e3049410,0x00000000e3080000)
  to   space 12800K, 0% used [0x00000000e1780000,0x00000000e1780000,0x00000000e2400000)
 ParOldGen       total 86016K, used 15375K [0x0000000080000000, 0x0000000085400000, 0x00000000d5580000)
  object space 86016K, 17% used [0x0000000080000000,0x0000000080f03cb0,0x0000000085400000)
 Metaspace       used 38761K, capacity 40614K, committed 40704K, reserved 1083392K
  class space    used 5462K, capacity 5814K, committed 5888K, reserved 1048576K
}
Event: 6.919 GC heap before
{Heap before GC invocations=11 (full 2):
 PSYoungGen      total 182272K, used 182053K [0x00000000d5580000, 0x00000000e3080000, 0x0000000100000000)
  eden space 172544K, 100% used [0x00000000d5580000,0x00000000dfe00000,0x00000000dfe00000)
  from space 9728K, 97% used [0x00000000e2700000,0x00000000e3049410,0x00000000e3080000)
  to   space 12800K, 0% used [0x00000000e1780000,0x00000000e1780000,0x00000000e2400000)
 ParOldGen       total 86016K, used 15375K [0x0000000080000000, 0x0000000085400000, 0x00000000d5580000)
  object space 86016K, 17% used [0x0000000080000000,0x0000000080f03cb0,0x0000000085400000)
 Metaspace       used 53010K, capacity 55232K, committed 55552K, reserved 1097728K
  class space    used 7211K, capacity 7650K, committed 7680K, reserved 1048576K
Event: 6.935 GC heap after
Heap after GC invocations=11 (full 2):
 PSYoungGen      total 211456K, used 12792K [0x00000000d5580000, 0x00000000e5180000, 0x0000000100000000)
  eden space 198656K, 0% used [0x00000000d5580000,0x00000000d5580000,0x00000000e1780000)
  from space 12800K, 99% used [0x00000000e1780000,0x00000000e23fe3a0,0x00000000e2400000)
  to   space 19456K, 0% used [0x00000000e3e80000,0x00000000e3e80000,0x00000000e5180000)
 ParOldGen       total 86016K, used 28565K [0x0000000080000000, 0x0000000085400000, 0x00000000d5580000)
  object space 86016K, 33% used [0x0000000080000000,0x0000000081be5798,0x0000000085400000)
 Metaspace       used 53010K, capacity 55232K, committed 55552K, reserved 1097728K
  class space    used 7211K, capacity 7650K, committed 7680K, reserved 1048576K
}
Event: 7.454 GC heap before
{Heap before GC invocations=12 (full 2):
 PSYoungGen      total 211456K, used 50328K [0x00000000d5580000, 0x00000000e5180000, 0x0000000100000000)
  eden space 198656K, 18% used [0x00000000d5580000,0x00000000d7a27fe0,0x00000000e1780000)
  from space 12800K, 99% used [0x00000000e1780000,0x00000000e23fe3a0,0x00000000e2400000)
  to   space 19456K, 0% used [0x00000000e3e80000,0x00000000e3e80000,0x00000000e5180000)
 ParOldGen       total 86016K, used 28565K [0x0000000080000000, 0x0000000085400000, 0x00000000d5580000)
  object space 86016K, 33% used [0x0000000080000000,0x0000000081be5798,0x0000000085400000)
 Metaspace       used 56704K, capacity 58970K, committed 59136K, reserved 1099776K
  class space    used 7644K, capacity 8077K, committed 8192K, reserved 1048576K
Event: 7.464 GC heap after
Heap after GC invocations=12 (full 2):
 PSYoungGen      total 218112K, used 15556K [0x00000000d5580000, 0x00000000e5180000, 0x0000000100000000)
  eden space 198656K, 0% used [0x00000000d5580000,0x00000000d5580000,0x00000000e1780000)
  from space 19456K, 79% used [0x00000000e3e80000,0x00000000e4db1330,0x00000000e5180000)
  to   space 12800K, 0% used [0x00000000e1780000,0x00000000e1780000,0x00000000e2400000)
 ParOldGen       total 86016K, used 28637K [0x0000000080000000, 0x0000000085400000, 0x00000000d5580000)
  object space 86016K, 33% used [0x0000000080000000,0x0000000081bf77a8,0x0000000085400000)
 Metaspace       used 56704K, capacity 58970K, committed 59136K, reserved 1099776K
  class space    used 7644K, capacity 8077K, committed 8192K, reserved 1048576K
}
Event: 7.464 GC heap before
{Heap before GC invocations=13 (full 3):
 PSYoungGen      total 218112K, used 15556K [0x00000000d5580000, 0x00000000e5180000, 0x0000000100000000)
  eden space 198656K, 0% used [0x00000000d5580000,0x00000000d5580000,0x00000000e1780000)
  from space 19456K, 79% used [0x00000000e3e80000,0x00000000e4db1330,0x00000000e5180000)
  to   space 12800K, 0% used [0x00000000e1780000,0x00000000e1780000,0x00000000e2400000)
 ParOldGen       total 86016K, used 28637K [0x0000000080000000, 0x0000000085400000, 0x00000000d5580000)
  object space 86016K, 33% used [0x0000000080000000,0x0000000081bf77a8,0x0000000085400000)
 Metaspace       used 56704K, capacity 58970K, committed 59136K, reserved 1099776K
  class space    used 7644K, capacity 8077K, committed 8192K, reserved 1048576K
Event: 7.653 GC heap after
Heap after GC invocations=13 (full 3):
 PSYoungGen      total 218112K, used 0K [0x00000000d5580000, 0x00000000e5180000, 0x0000000100000000)
  eden space 198656K, 0% used [0x00000000d5580000,0x00000000d5580000,0x00000000e1780000)
  from space 19456K, 0% used [0x00000000e3e80000,0x00000000e3e80000,0x00000000e5180000)
  to   space 12800K, 0% used [0x00000000e1780000,0x00000000e1780000,0x00000000e2400000)
 ParOldGen       total 86016K, used 32153K [0x0000000080000000, 0x0000000085400000, 0x00000000d5580000)
  object space 86016K, 37% used [0x0000000080000000,0x0000000081f667d8,0x0000000085400000)
 Metaspace       used 56653K, capacity 58814K, committed 59136K, reserved 1099776K
  class space    used 7627K, capacity 8049K, committed 8192K, reserved 1048576K
}

Deoptimization events (10 events):
Event: 7.113 Thread 0x000000001c7ac800 Uncommon trap: reason=unstable_if action=reinterpret pc=0x00000000036f43f4 method=com.sun.org.apache.xerces.internal.impl.XMLEntityScanner.checkBeforeLoad(Lcom/sun/xml/internal/stream/Entity$ScannedEntity;II)I @ 18
Event: 7.181 Thread 0x000000001c7ac800 Uncommon trap: reason=unstable_if action=reinterpret pc=0x0000000003cafd30 method=org.gradle.internal.instantiation.generator.AbstractClassGenerator$InjectionAnnotationValidator.validateMethod(Ljava/lang/reflect/Method;Lorg/gradle/internal/reflect/Propert
Event: 7.181 Thread 0x000000001c7ac800 Uncommon trap: reason=unstable_if action=reinterpret pc=0x0000000003cc273c method=org.gradle.internal.instantiation.generator.AbstractClassGenerator$InjectionAnnotationValidator.validateMethod(Ljava/lang/reflect/Method;Lorg/gradle/internal/reflect/Propert
Event: 7.245 Thread 0x000000001c7ac800 Uncommon trap: reason=unstable_if action=reinterpret pc=0x0000000002efea5c method=java.lang.String.replace(CC)Ljava/lang/String; @ 2
Event: 7.249 Thread 0x000000001c7ac800 Uncommon trap: reason=unstable_if action=reinterpret pc=0x0000000003b52e3c method=org.codehaus.groovy.runtime.metaclass.MetaMethodIndex.copyNonPrivateNonNewMetaMethods(Lorg/codehaus/groovy/runtime/metaclass/MetaMethodIndex$Entry;Lorg/codehaus/groovy/runti
Event: 7.249 Thread 0x000000001c7ac800 Uncommon trap: reason=unstable_if action=reinterpret pc=0x0000000003b47a70 method=groovy.lang.MetaClassImpl$1MOPIter.methodNameAction(Ljava/lang/Class;Lorg/codehaus/groovy/runtime/metaclass/MetaMethodIndex$Entry;)V @ 182
Event: 7.347 Thread 0x000000001c7ac800 Uncommon trap: reason=unstable_if action=reinterpret pc=0x00000000030e4724 method=java.lang.String.lastIndexOf([CII[CIII)I @ 17
Event: 7.404 Thread 0x000000001c7ac800 Uncommon trap: reason=unstable_if action=reinterpret pc=0x0000000003815c80 method=java.lang.ClassValue.match(Ljava/lang/ClassValue$Entry;)Z @ 12
Event: 7.768 Thread 0x000000001c7ac800 Uncommon trap: reason=null_check action=make_not_entrant pc=0x00000000035476ec method=java.lang.Class.searchMethods([Ljava/lang/reflect/Method;Ljava/lang/String;[Ljava/lang/Class;)Ljava/lang/reflect/Method; @ 59
Event: 7.805 Thread 0x000000001c7ac800 Uncommon trap: reason=unstable_if action=reinterpret pc=0x0000000003b70ed0 method=groovy.lang.MetaClassImpl.filterPropertyMethod(Ljava/lang/Object;ZZ)Ljava/lang/Object; @ 72

Classes redefined (0 events):
No events

Internal exceptions (10 events):
Event: 7.811 Thread 0x000000001c7ac800 Exception <a 'java/lang/ClassNotFoundException': java/lang/EnumCustomizer> (0x00000000d71d3a08) thrown at [C:\re\workspace\8-2-build-windows-amd64-cygwin\jdk8u191\11896\hotspot\src\share\vm\classfile\systemDictionary.cpp, line 210]
Event: 7.811 Thread 0x000000001c7ac800 Exception <a 'java/lang/ClassNotFoundException': org/gradle/api/JavaVersionCustomizer> (0x00000000d720a520) thrown at [C:\re\workspace\8-2-build-windows-amd64-cygwin\jdk8u191\11896\hotspot\src\share\vm\classfile\systemDictionary.cpp, line 210]
Event: 7.813 Thread 0x000000001c7ac800 Exception <a 'java/lang/ClassNotFoundException': com/android/build/gradle/internal/CompileOptions_DecoratedBeanInfo> (0x00000000d726f668) thrown at [C:\re\workspace\8-2-build-windows-amd64-cygwin\jdk8u191\11896\hotspot\src\share\vm\classfile\systemDiction
Event: 7.813 Thread 0x000000001c7ac800 Exception <a 'java/lang/ClassNotFoundException': com/android/build/gradle/internal/CompileOptionsBeanInfo> (0x00000000d728f2e8) thrown at [C:\re\workspace\8-2-build-windows-amd64-cygwin\jdk8u191\11896\hotspot\src\share\vm\classfile\systemDictionary.cpp, l
Event: 7.814 Thread 0x000000001c7ac800 Exception <a 'java/lang/ClassNotFoundException': com/android/build/gradle/internal/CompileOptionsCustomizer> (0x00000000d72af160) thrown at [C:\re\workspace\8-2-build-windows-amd64-cygwin\jdk8u191\11896\hotspot\src\share\vm\classfile\systemDictionary.cpp,
Event: 7.814 Thread 0x000000001c7ac800 Exception <a 'java/lang/ClassNotFoundException': com/android/build/gradle/internal/CompileOptions_DecoratedCustomizer> (0x00000000d72e4e58) thrown at [C:\re\workspace\8-2-build-windows-amd64-cygwin\jdk8u191\11896\hotspot\src\share\vm\classfile\systemDicti
Event: 7.827 Thread 0x000000001c7ac800 Exception <a 'java/lang/ClassNotFoundException': org/jetbrains/kotlin/gradle/dsl/KotlinJvmOptionsImplBeanInfo> (0x00000000d745e230) thrown at [C:\re\workspace\8-2-build-windows-amd64-cygwin\jdk8u191\11896\hotspot\src\share\vm\classfile\systemDictionary.cp
Event: 7.827 Thread 0x000000001c7ac800 Exception <a 'java/lang/ClassNotFoundException': org/jetbrains/kotlin/gradle/dsl/KotlinJvmOptionsBaseBeanInfo> (0x00000000d747e9f0) thrown at [C:\re\workspace\8-2-build-windows-amd64-cygwin\jdk8u191\11896\hotspot\src\share\vm\classfile\systemDictionary.cp
Event: 7.827 Thread 0x000000001c7ac800 Exception <a 'java/lang/ClassNotFoundException': org/jetbrains/kotlin/gradle/dsl/KotlinJvmOptionsBaseCustomizer> (0x00000000d749f870) thrown at [C:\re\workspace\8-2-build-windows-amd64-cygwin\jdk8u191\11896\hotspot\src\share\vm\classfile\systemDictionary.
Event: 7.828 Thread 0x000000001c7ac800 Exception <a 'java/lang/ClassNotFoundException': org/jetbrains/kotlin/gradle/dsl/KotlinJvmOptionsImplCustomizer> (0x00000000d74e6190) thrown at [C:\re\workspace\8-2-build-windows-amd64-cygwin\jdk8u191\11896\hotspot\src\share\vm\classfile\systemDictionary.

Events (10 events):
Event: 7.921 loading class com/android/build/gradle/internal/scope/InternalArtifactType$RENDERSCRIPT_HEADERS
Event: 7.921 loading class com/android/build/gradle/internal/scope/InternalArtifactType$RENDERSCRIPT_HEADERS done
Event: 7.922 loading class com/android/build/gradle/internal/scope/InternalArtifactType$COMPILE_LIBRARY_CLASSES_JAR
Event: 7.922 loading class com/android/build/gradle/internal/scope/InternalArtifactType$COMPILE_LIBRARY_CLASSES_JAR done
Event: 7.922 loading class com/android/build/gradle/internal/scope/InternalArtifactType$PREFAB_PACKAGE
Event: 7.922 loading class com/android/build/gradle/internal/scope/InternalArtifactType$PREFAB_PACKAGE done
Event: 7.922 loading class com/android/build/gradle/internal/scope/InternalArtifactType$LIBRARY_MANIFEST
Event: 7.922 loading class com/android/build/gradle/internal/scope/InternalArtifactType$LIBRARY_MANIFEST done
Event: 7.923 loading class com/android/build/gradle/internal/scope/InternalArtifactType$DATA_BINDING_ARTIFACT
Event: 7.923 loading class com/android/build/gradle/internal/scope/InternalArtifactType$DATA_BINDING_ARTIFACT done


Dynamic libraries:
0x00007ff6671c0000 - 0x00007ff6671f7000 	C:\Program Files\Java\jdk1.8.0_191\bin\java.exe
0x00007ff840620000 - 0x00007ff840810000 	C:\WINDOWS\SYSTEM32\ntdll.dll
0x00007ff83fbe0000 - 0x00007ff83fc92000 	C:\WINDOWS\System32\KERNEL32.DLL
0x00007ff83daa0000 - 0x00007ff83dd45000 	C:\WINDOWS\System32\KERNELBASE.dll
0x00007ff83f190000 - 0x00007ff83f233000 	C:\WINDOWS\System32\ADVAPI32.dll
0x00007ff83e6d0000 - 0x00007ff83e76e000 	C:\WINDOWS\System32\msvcrt.dll
0x00007ff83e960000 - 0x00007ff83e9f7000 	C:\WINDOWS\System32\sechost.dll
0x00007ff83f240000 - 0x00007ff83f360000 	C:\WINDOWS\System32\RPCRT4.dll
0x00007ff83fcb0000 - 0x00007ff83fe45000 	C:\WINDOWS\System32\USER32.dll
0x00007ff83d720000 - 0x00007ff83d741000 	C:\WINDOWS\System32\win32u.dll
0x00007ff83ef80000 - 0x00007ff83efa6000 	C:\WINDOWS\System32\GDI32.dll
0x00007ff83e530000 - 0x00007ff83e6c6000 	C:\WINDOWS\System32\gdi32full.dll
0x00007ff83d850000 - 0x00007ff83d8ee000 	C:\WINDOWS\System32\msvcp_win.dll
0x00007ff83d920000 - 0x00007ff83da1a000 	C:\WINDOWS\System32\ucrtbase.dll
0x00007ff82a5d0000 - 0x00007ff82a854000 	C:\WINDOWS\WinSxS\amd64_microsoft.windows.common-controls_6595b64144ccf1df_6.0.18362.1082_none_9e8193e1e45b25c1\COMCTL32.dll
0x00007ff8402a0000 - 0x00007ff8405d5000 	C:\WINDOWS\System32\combase.dll
0x00007ff83da20000 - 0x00007ff83daa0000 	C:\WINDOWS\System32\bcryptPrimitives.dll
0x00007ff83f020000 - 0x00007ff83f04e000 	C:\WINDOWS\System32\IMM32.DLL
0x0000000072d40000 - 0x0000000072e12000 	C:\Program Files\Java\jdk1.8.0_191\jre\bin\msvcr100.dll
0x0000000072490000 - 0x0000000072d34000 	C:\Program Files\Java\jdk1.8.0_191\jre\bin\server\jvm.dll
0x00007ff840230000 - 0x00007ff840238000 	C:\WINDOWS\System32\PSAPI.DLL
0x00007ff826800000 - 0x00007ff826809000 	C:\WINDOWS\SYSTEM32\WSOCK32.dll
0x00007ff8354c0000 - 0x00007ff8354ca000 	C:\WINDOWS\SYSTEM32\VERSION.dll
0x00007ff839000000 - 0x00007ff839024000 	C:\WINDOWS\SYSTEM32\WINMM.dll
0x00007ff83fb70000 - 0x00007ff83fbdf000 	C:\WINDOWS\System32\WS2_32.dll
0x00007ff838fb0000 - 0x00007ff838fdd000 	C:\WINDOWS\SYSTEM32\WINMMBASE.dll
0x00007ff83d800000 - 0x00007ff83d84a000 	C:\WINDOWS\System32\cfgmgr32.dll
0x0000000072480000 - 0x000000007248f000 	C:\Program Files\Java\jdk1.8.0_191\jre\bin\verify.dll
0x0000000072450000 - 0x0000000072479000 	C:\Program Files\Java\jdk1.8.0_191\jre\bin\java.dll
0x00000000723e0000 - 0x00000000723f6000 	C:\Program Files\Java\jdk1.8.0_191\jre\bin\zip.dll
0x00007ff83f480000 - 0x00007ff83fb67000 	C:\WINDOWS\System32\SHELL32.dll
0x00007ff83f370000 - 0x00007ff83f419000 	C:\WINDOWS\System32\shcore.dll
0x00007ff83dd50000 - 0x00007ff83e4d0000 	C:\WINDOWS\System32\windows.storage.dll
0x00007ff83d580000 - 0x00007ff83d5a3000 	C:\WINDOWS\System32\profapi.dll
0x00007ff83d4f0000 - 0x00007ff83d53a000 	C:\WINDOWS\System32\powrprof.dll
0x00007ff83d4e0000 - 0x00007ff83d4f0000 	C:\WINDOWS\System32\UMPDC.dll
0x00007ff840240000 - 0x00007ff840292000 	C:\WINDOWS\System32\shlwapi.dll
0x00007ff83d540000 - 0x00007ff83d551000 	C:\WINDOWS\System32\kernel.appcore.dll
0x00007ff83d5b0000 - 0x00007ff83d5c7000 	C:\WINDOWS\System32\cryptsp.dll
0x00000000723c0000 - 0x00000000723da000 	C:\Program Files\Java\jdk1.8.0_191\jre\bin\net.dll
0x00007ff83cd30000 - 0x00007ff83cd97000 	C:\WINDOWS\system32\mswsock.dll
0x00000000723a0000 - 0x00000000723b1000 	C:\Program Files\Java\jdk1.8.0_191\jre\bin\nio.dll
0x00007ff81d830000 - 0x00007ff81d857000 	C:\Users\R.O.G\.gradle\native\f6784746aeab05261644944871eae4fe03e0ef1612fff0a4a95f87b438bc6780\windows-amd64\native-platform.dll
0x0000000072390000 - 0x000000007239d000 	C:\Program Files\Java\jdk1.8.0_191\jre\bin\management.dll
0x00007ff83c890000 - 0x00007ff83c8c3000 	C:\WINDOWS\system32\rsaenh.dll
0x00007ff83d8f0000 - 0x00007ff83d916000 	C:\WINDOWS\System32\bcrypt.dll
0x00007ff83d400000 - 0x00007ff83d425000 	C:\WINDOWS\SYSTEM32\USERENV.dll
0x00007ff83cf00000 - 0x00007ff83cf0c000 	C:\WINDOWS\SYSTEM32\CRYPTBASE.dll
0x00007ff83ca40000 - 0x00007ff83ca7a000 	C:\WINDOWS\SYSTEM32\IPHLPAPI.DLL
0x00007ff83fca0000 - 0x00007ff83fca8000 	C:\WINDOWS\System32\NSI.dll
0x00007ff8355a0000 - 0x00007ff8355b6000 	C:\WINDOWS\SYSTEM32\dhcpcsvc6.DLL
0x00007ff836650000 - 0x00007ff83666c000 	C:\WINDOWS\SYSTEM32\dhcpcsvc.DLL
0x00007ff83ca80000 - 0x00007ff83cb4b000 	C:\WINDOWS\SYSTEM32\DNSAPI.dll
0x00007ff8375b0000 - 0x00007ff8375bb000 	C:\WINDOWS\SYSTEM32\WINNSI.DLL

VM Arguments:
jvm_args: -Xmx2048m -Dfile.encoding=UTF-8 -Duser.country=ID -Duser.language=en -Duser.variant 
java_command: org.gradle.launcher.daemon.bootstrap.GradleDaemon 6.5
java_class_path (initial): C:\Users\R.O.G\.gradle\wrapper\dists\gradle-6.5-bin\6nifqtx7604sqp1q6g8wikw7p\gradle-6.5\lib\gradle-launcher-6.5.jar
Launcher Type: SUN_STANDARD

Environment Variables:
JAVA_HOME=C:\Program Files\Java\jdk1.8.0_191
USERNAME=R.O.G
OS=Windows_NT
PROCESSOR_IDENTIFIER=Intel64 Family 6 Model 158 Stepping 9, GenuineIntel



---------------  S Y S T E M  ---------------

OS: Windows 10.0 , 64 bit Build 18362 (10.0.18362.1082)

CPU:total 8 (initial active 8) (4 cores per cpu, 2 threads per core) family 6 model 158 stepping 9, cmov, cx8, fxsr, mmx, sse, sse2, sse3, ssse3, sse4.1, sse4.2, popcnt, avx, avx2, aes, clmul, erms, 3dnowpref, lzcnt, ht, tsc, tscinvbit, bmi1, bmi2, adx

Memory: 4k page, physical 16659272k(2786884k free), swap 23714556k(4100k free)

vm_info: Java HotSpot(TM) 64-Bit Server VM (25.191-b12) for windows-amd64 JRE (1.8.0_191-b12), built on Oct  6 2018 09:29:03 by "java_re" with MS VC++ 10.0 (VS2010)

time: Fri May 21 01:19:41 2021
elapsed time: 7 seconds (0d 0h 0m 7s)

