#
# There is insufficient memory for the Java Runtime Environment to continue.
# Native memory allocation (malloc) failed to allocate 1337184 bytes for Chunk::new
# Possible reasons:
#   The system is out of physical RAM or swap space
#   In 32 bit mode, the process size limit was hit
# Possible solutions:
#   Reduce memory load on the system
#   Increase physical memory or swap space
#   Check if swap backing store is full
#   Use 64 bit Java on a 64 bit OS
#   Decrease Java heap size (-Xmx/-Xms)
#   Decrease number of Java threads
#   Decrease Java thread stack sizes (-Xss)
#   Set larger code cache with -XX:ReservedCodeCacheSize=
# This output file may be truncated or incomplete.
#
#  Out of Memory Error (allocation.cpp:390), pid=3760, tid=0x0000000000005250
#
# JRE version: Java(TM) SE Runtime Environment (8.0_191-b12) (build 1.8.0_191-b12)
# Java VM: Java HotSpot(TM) 64-Bit Server VM (25.191-b12 mixed mode windows-amd64 compressed oops)
# Failed to write core dump. Minidumps are not enabled by default on client versions of Windows
#

---------------  T H R E A D  ---------------

Current thread (0x0000000019870800):  JavaThread "C2 CompilerThread1" daemon [_thread_in_native, id=21072, stack(0x000000001a230000,0x000000001a330000)]

Stack: [0x000000001a230000,0x000000001a330000]
[error occurred during error reporting (printing stack bounds), id 0xc0000005]

Native frames: (J=compiled Java code, j=interpreted, Vv=VM code, C=native code)


Current CompileTask:
C2: 345059 23208 %     4       com.android.tools.r8.ir.regalloc.a::a @ 585 (1761 bytes)


---------------  P R O C E S S  ---------------

Java Threads: ( => current thread )
  0x00000000251c9000 JavaThread "WorkerExecutor Queue" [_thread_blocked, id=21836, stack(0x0000000032330000,0x0000000032430000)]
  0x00000000251be000 JavaThread "Cache worker for execution history cache (D:\KULIAH\Predict\.gradle\6.5\executionHistory)" [_thread_blocked, id=20524, stack(0x0000000032230000,0x0000000032330000)]
  0x00000000251c4800 JavaThread "Execution worker for ':' Thread 7" [_thread_blocked, id=2732, stack(0x0000000032130000,0x0000000032230000)]
  0x00000000251bd000 JavaThread "Execution worker for ':' Thread 6" [_thread_blocked, id=16020, stack(0x0000000032030000,0x0000000032130000)]
  0x00000000251c4000 JavaThread "Execution worker for ':' Thread 5" [_thread_blocked, id=18996, stack(0x0000000031f30000,0x0000000032030000)]
  0x00000000251c2800 JavaThread "Execution worker for ':' Thread 4" [_thread_blocked, id=14376, stack(0x0000000031a30000,0x0000000031b30000)]
  0x00000000251c1000 JavaThread "Execution worker for ':' Thread 3" [_thread_blocked, id=3628, stack(0x0000000031730000,0x0000000031830000)]
  0x00000000251bf800 JavaThread "Execution worker for ':' Thread 2" [_thread_blocked, id=7604, stack(0x0000000031630000,0x0000000031730000)]
  0x00000000251c0000 JavaThread "Execution worker for ':'" [_thread_blocked, id=19480, stack(0x0000000031530000,0x0000000031630000)]
  0x00000000251bc000 JavaThread "Cache worker for file content cache (D:\KULIAH\Predict\.gradle\6.5\fileContent)" [_thread_blocked, id=15064, stack(0x0000000031430000,0x0000000031530000)]
  0x000000001f235800 JavaThread "Cache worker for Build Output Cleanup Cache (D:\KULIAH\Predict\.gradle\buildOutputCleanup)" [_thread_blocked, id=20896, stack(0x000000002e350000,0x000000002e450000)]
  0x000000001f234800 JavaThread "Build operations Thread 8" [_thread_in_Java, id=22124, stack(0x0000000022770000,0x0000000022870000)]
  0x000000001f23a800 JavaThread "Build operations Thread 7" [_thread_in_Java, id=7716, stack(0x0000000022670000,0x0000000022770000)]
  0x000000001f238800 JavaThread "Build operations Thread 6" [_thread_in_Java, id=20036, stack(0x0000000022570000,0x0000000022670000)]
  0x000000001f237800 JavaThread "Build operations Thread 5" [_thread_in_Java, id=14756, stack(0x0000000022470000,0x0000000022570000)]
  0x000000001f23a000 JavaThread "Build operations Thread 4" [_thread_in_Java, id=15928, stack(0x0000000022370000,0x0000000022470000)]
  0x000000001f237000 JavaThread "Build operations Thread 3" [_thread_in_Java, id=11508, stack(0x0000000022270000,0x0000000022370000)]
  0x000000001f231000 JavaThread "Build operations Thread 2" [_thread_blocked, id=17516, stack(0x0000000022170000,0x0000000022270000)]
  0x000000001f22c800 JavaThread "Build operations" [_thread_in_Java, id=20164, stack(0x0000000020e20000,0x0000000020f20000)]
  0x000000001f230000 JavaThread "Cache worker for cache directory md-rule (C:\Users\R.O.G\.gradle\caches\6.5\md-rule)" [_thread_blocked, id=22364, stack(0x0000000020d20000,0x0000000020e20000)]
  0x000000001f22f800 JavaThread "Cache worker for cache directory md-supplier (C:\Users\R.O.G\.gradle\caches\6.5\md-supplier)" [_thread_blocked, id=21700, stack(0x0000000020c20000,0x0000000020d20000)]
  0x000000001f233000 JavaThread "Cache worker for checksums cache (D:\KULIAH\Predict\.gradle\checksums)" [_thread_blocked, id=17504, stack(0x0000000020b20000,0x0000000020c20000)]
  0x000000001f22b800 JavaThread "Cache worker for file hash cache (D:\KULIAH\Predict\.gradle\6.5\fileHashes)" [_thread_blocked, id=21028, stack(0x000000001e380000,0x000000001e480000)]
  0x000000001f232800 JavaThread "Thread-447" [_thread_blocked, id=13076, stack(0x000000001e080000,0x000000001e180000)]
  0x000000001f231800 JavaThread "Stdin handler" [_thread_blocked, id=18068, stack(0x000000001de80000,0x000000001df80000)]
  0x000000001f22e800 JavaThread "Asynchronous log dispatcher for DefaultDaemonConnection: socket connection from /127.0.0.1:51465 to /127.0.0.1:51616" [_thread_blocked, id=21544, stack(0x000000001dd80000,0x000000001de80000)]
  0x000000001f22e000 JavaThread "Cancel handler" [_thread_blocked, id=11292, stack(0x0000000000e20000,0x0000000000f20000)]
  0x000000001f22d000 JavaThread "Handler for socket connection from /127.0.0.1:51465 to /127.0.0.1:51616" [_thread_in_native, id=6720, stack(0x0000000000d20000,0x0000000000e20000)]
  0x0000000021a34000 JavaThread "jar transforms Thread 228" [_thread_blocked, id=16316, stack(0x000000002d050000,0x000000002d150000)]
  0x0000000024f22000 JavaThread "jar transforms Thread 227" [_thread_blocked, id=19052, stack(0x000000002cf50000,0x000000002d050000)]
  0x0000000024f20800 JavaThread "jar transforms Thread 226" [_thread_blocked, id=20168, stack(0x000000002ce50000,0x000000002cf50000)]
  0x0000000024f20000 JavaThread "jar transforms Thread 225" [_thread_blocked, id=20816, stack(0x000000002cd50000,0x000000002ce50000)]
  0x0000000024f1e800 JavaThread "jar transforms Thread 224" [_thread_blocked, id=18504, stack(0x000000002cc50000,0x000000002cd50000)]
  0x0000000024f1d000 JavaThread "jar transforms Thread 223" [_thread_blocked, id=1316, stack(0x000000002cb50000,0x000000002cc50000)]
  0x0000000024f21800 JavaThread "jar transforms Thread 222" [_thread_blocked, id=2144, stack(0x000000002ca50000,0x000000002cb50000)]
  0x0000000024f1f000 JavaThread "jar transforms Thread 221" [_thread_blocked, id=3428, stack(0x000000002c950000,0x000000002ca50000)]
  0x0000000024f1d800 JavaThread "jar transforms Thread 220" [_thread_blocked, id=14496, stack(0x000000002c850000,0x000000002c950000)]
  0x0000000024f15800 JavaThread "jar transforms Thread 219" [_thread_blocked, id=19816, stack(0x000000002c5f0000,0x000000002c6f0000)]
  0x0000000024f19000 JavaThread "jar transforms Thread 218" [_thread_blocked, id=6308, stack(0x000000002c4f0000,0x000000002c5f0000)]
  0x0000000024f1c000 JavaThread "jar transforms Thread 217" [_thread_blocked, id=16312, stack(0x000000002c3f0000,0x000000002c4f0000)]
  0x0000000024f1b800 JavaThread "jar transforms Thread 216" [_thread_blocked, id=7792, stack(0x000000002c2f0000,0x000000002c3f0000)]
  0x0000000024f1a800 JavaThread "jar transforms Thread 215" [_thread_blocked, id=8524, stack(0x000000002c1f0000,0x000000002c2f0000)]
  0x0000000024f13000 JavaThread "jar transforms Thread 214" [_thread_blocked, id=14296, stack(0x000000002c0f0000,0x000000002c1f0000)]
  0x0000000024f17800 JavaThread "jar transforms Thread 213" [_thread_blocked, id=9176, stack(0x000000002bff0000,0x000000002c0f0000)]
  0x0000000024f16000 JavaThread "jar transforms Thread 212" [_thread_blocked, id=16532, stack(0x000000002bef0000,0x000000002bff0000)]
  0x0000000024f14000 JavaThread "jar transforms Thread 211" [_thread_blocked, id=18464, stack(0x000000002bdf0000,0x000000002bef0000)]
  0x0000000024f18800 JavaThread "jar transforms Thread 210" [_thread_blocked, id=8236, stack(0x000000002bcf0000,0x000000002bdf0000)]
  0x0000000024f17000 JavaThread "jar transforms Thread 209" [_thread_blocked, id=20612, stack(0x000000002bbf0000,0x000000002bcf0000)]
  0x0000000024f14800 JavaThread "jar transforms Thread 208" [_thread_blocked, id=13960, stack(0x000000002baf0000,0x000000002bbf0000)]
  0x0000000024f1a000 JavaThread "jar transforms Thread 207" [_thread_blocked, id=12340, stack(0x000000002b9f0000,0x000000002baf0000)]
  0x0000000022060000 JavaThread "jar transforms Thread 206" [_thread_blocked, id=4708, stack(0x000000002b8f0000,0x000000002b9f0000)]
  0x000000002205e800 JavaThread "jar transforms Thread 205" [_thread_blocked, id=16708, stack(0x000000002b7f0000,0x000000002b8f0000)]
  0x000000002205d800 JavaThread "jar transforms Thread 204" [_thread_blocked, id=11340, stack(0x000000002b6f0000,0x000000002b7f0000)]
  0x000000002205c000 JavaThread "jar transforms Thread 203" [_thread_blocked, id=17092, stack(0x000000002b5f0000,0x000000002b6f0000)]
  0x0000000022059000 JavaThread "jar transforms Thread 202" [_thread_blocked, id=21788, stack(0x000000002b4f0000,0x000000002b5f0000)]
  0x000000002205b800 JavaThread "jar transforms Thread 201" [_thread_blocked, id=20500, stack(0x000000002b3f0000,0x000000002b4f0000)]
  0x000000002205f000 JavaThread "jar transforms Thread 200" [_thread_blocked, id=6604, stack(0x000000002b2f0000,0x000000002b3f0000)]
  0x000000002205a800 JavaThread "jar transforms Thread 199" [_thread_blocked, id=16764, stack(0x000000002b1f0000,0x000000002b2f0000)]
  0x000000002205a000 JavaThread "jar transforms Thread 198" [_thread_blocked, id=21568, stack(0x000000002b0f0000,0x000000002b1f0000)]
  0x000000002205d000 JavaThread "jar transforms Thread 197" [_thread_blocked, id=2428, stack(0x000000002aff0000,0x000000002b0f0000)]
  0x0000000022051800 JavaThread "jar transforms Thread 196" [_thread_blocked, id=1432, stack(0x000000002aef0000,0x000000002aff0000)]
  0x0000000022053000 JavaThread "jar transforms Thread 195" [_thread_blocked, id=21340, stack(0x000000002adf0000,0x000000002aef0000)]
  0x0000000022055800 JavaThread "jar transforms Thread 194" [_thread_blocked, id=16948, stack(0x000000002acf0000,0x000000002adf0000)]
  0x0000000022054000 JavaThread "jar transforms Thread 193" [_thread_blocked, id=19524, stack(0x000000002abf0000,0x000000002acf0000)]
  0x0000000022058800 JavaThread "jar transforms Thread 192" [_thread_blocked, id=13896, stack(0x000000002aaf0000,0x000000002abf0000)]
  0x0000000022057800 JavaThread "jar transforms Thread 191" [_thread_blocked, id=15476, stack(0x000000002a9f0000,0x000000002aaf0000)]
  0x0000000022054800 JavaThread "jar transforms Thread 190" [_thread_blocked, id=22120, stack(0x000000002a7f0000,0x000000002a8f0000)]
  0x0000000022057000 JavaThread "jar transforms Thread 189" [_thread_blocked, id=20412, stack(0x000000002a6f0000,0x000000002a7f0000)]
  0x0000000022050800 JavaThread "jar transforms Thread 188" [_thread_blocked, id=18132, stack(0x000000002a5f0000,0x000000002a6f0000)]
  0x0000000022052800 JavaThread "jar transforms Thread 187" [_thread_blocked, id=16348, stack(0x000000002a4f0000,0x000000002a5f0000)]
  0x0000000022056000 JavaThread "jar transforms Thread 186" [_thread_blocked, id=18656, stack(0x000000002a3f0000,0x000000002a4f0000)]
  0x00000000201f8800 JavaThread "jar transforms Thread 185" [_thread_blocked, id=16536, stack(0x000000002a2f0000,0x000000002a3f0000)]
  0x00000000201f6800 JavaThread "jar transforms Thread 184" [_thread_blocked, id=16548, stack(0x000000002a1f0000,0x000000002a2f0000)]
  0x00000000201f7000 JavaThread "jar transforms Thread 183" [_thread_blocked, id=10252, stack(0x000000002a0f0000,0x000000002a1f0000)]
  0x00000000201f5800 JavaThread "jar transforms Thread 182" [_thread_blocked, id=4672, stack(0x0000000029ff0000,0x000000002a0f0000)]
  0x00000000201f5000 JavaThread "jar transforms Thread 181" [_thread_blocked, id=14844, stack(0x0000000029ef0000,0x0000000029ff0000)]
  0x00000000201f4000 JavaThread "jar transforms Thread 180" [_thread_blocked, id=11900, stack(0x0000000029df0000,0x0000000029ef0000)]
  0x00000000201f3800 JavaThread "jar transforms Thread 179" [_thread_blocked, id=14848, stack(0x0000000029cf0000,0x0000000029df0000)]
  0x00000000201f8000 JavaThread "jar transforms Thread 178" [_thread_blocked, id=17720, stack(0x0000000029bf0000,0x0000000029cf0000)]
  0x00000000201ec800 JavaThread "jar transforms Thread 177" [_thread_blocked, id=19880, stack(0x0000000029af0000,0x0000000029bf0000)]
  0x00000000201f2800 JavaThread "jar transforms Thread 176" [_thread_blocked, id=21840, stack(0x00000000299f0000,0x0000000029af0000)]
  0x00000000201f2000 JavaThread "jar transforms Thread 175" [_thread_blocked, id=15704, stack(0x00000000298f0000,0x00000000299f0000)]
  0x00000000201ea000 JavaThread "jar transforms Thread 174" [_thread_blocked, id=5400, stack(0x00000000297f0000,0x00000000298f0000)]
  0x00000000201eb800 JavaThread "jar transforms Thread 173" [_thread_blocked, id=21584, stack(0x00000000296f0000,0x00000000297f0000)]
  0x00000000201ee000 JavaThread "jar transforms Thread 172" [_thread_blocked, id=10008, stack(0x00000000295f0000,0x00000000296f0000)]
  0x00000000201f1000 JavaThread "jar transforms Thread 171" [_thread_blocked, id=17644, stack(0x00000000294f0000,0x00000000295f0000)]
  0x00000000201e9800 JavaThread "jar transforms Thread 170" [_thread_blocked, id=22284, stack(0x00000000293f0000,0x00000000294f0000)]
  0x00000000201ef800 JavaThread "jar transforms Thread 169" [_thread_blocked, id=21736, stack(0x00000000292f0000,0x00000000293f0000)]
  0x00000000201ee800 JavaThread "jar transforms Thread 168" [_thread_blocked, id=20660, stack(0x00000000291f0000,0x00000000292f0000)]
  0x00000000201ed000 JavaThread "jar transforms Thread 167" [_thread_blocked, id=5380, stack(0x00000000290f0000,0x00000000291f0000)]
  0x00000000201eb000 JavaThread "jar transforms Thread 166" [_thread_blocked, id=13420, stack(0x0000000028ff0000,0x00000000290f0000)]
  0x00000000201f0000 JavaThread "jar transforms Thread 165" [_thread_blocked, id=20184, stack(0x0000000028ef0000,0x0000000028ff0000)]
  0x00000000245ca000 JavaThread "jar transforms Thread 164" [_thread_blocked, id=21984, stack(0x0000000028df0000,0x0000000028ef0000)]
  0x00000000245c8000 JavaThread "jar transforms Thread 163" [_thread_blocked, id=15540, stack(0x0000000028cf0000,0x0000000028df0000)]
  0x00000000245c7000 JavaThread "jar transforms Thread 162" [_thread_blocked, id=19476, stack(0x0000000028bf0000,0x0000000028cf0000)]
  0x00000000245c6800 JavaThread "jar transforms Thread 161" [_thread_blocked, id=10892, stack(0x0000000028af0000,0x0000000028bf0000)]
  0x00000000245c5000 JavaThread "jar transforms Thread 160" [_thread_blocked, id=14624, stack(0x00000000289f0000,0x0000000028af0000)]
  0x00000000245c2800 JavaThread "jar transforms Thread 159" [_thread_blocked, id=2068, stack(0x00000000288f0000,0x00000000289f0000)]
  0x00000000245c3800 JavaThread "jar transforms Thread 158" [_thread_blocked, id=8448, stack(0x00000000287f0000,0x00000000288f0000)]
  0x00000000245c4000 JavaThread "jar transforms Thread 157" [_thread_blocked, id=3316, stack(0x00000000286f0000,0x00000000287f0000)]
  0x00000000245c8800 JavaThread "jar transforms Thread 156" [_thread_blocked, id=5440, stack(0x00000000285f0000,0x00000000286f0000)]
  0x00000000245c5800 JavaThread "jar transforms Thread 155" [_thread_blocked, id=14980, stack(0x00000000284f0000,0x00000000285f0000)]
  0x00000000245c9800 JavaThread "jar transforms Thread 154" [_thread_blocked, id=1828, stack(0x00000000283f0000,0x00000000284f0000)]
  0x00000000245bb000 JavaThread "jar transforms Thread 153" [_thread_blocked, id=16364, stack(0x00000000282f0000,0x00000000283f0000)]
  0x00000000245bf000 JavaThread "jar transforms Thread 152" [_thread_blocked, id=18416, stack(0x00000000281f0000,0x00000000282f0000)]
  0x00000000245c1000 JavaThread "jar transforms Thread 151" [_thread_blocked, id=21812, stack(0x00000000280f0000,0x00000000281f0000)]
  0x00000000245bf800 JavaThread "jar transforms Thread 150" [_thread_blocked, id=12828, stack(0x0000000027ff0000,0x00000000280f0000)]
  0x00000000245bd800 JavaThread "jar transforms Thread 149" [_thread_blocked, id=16724, stack(0x0000000027ef0000,0x0000000027ff0000)]
  0x00000000245bc800 JavaThread "jar transforms Thread 148" [_thread_blocked, id=14580, stack(0x0000000027b50000,0x0000000027c50000)]
  0x00000000245be000 JavaThread "jar transforms Thread 147" [_thread_blocked, id=18744, stack(0x0000000027a50000,0x0000000027b50000)]
  0x00000000245c0800 JavaThread "jar transforms Thread 146" [_thread_blocked, id=20608, stack(0x0000000027950000,0x0000000027a50000)]
  0x00000000245bc000 JavaThread "jar transforms Thread 145" [_thread_blocked, id=92, stack(0x0000000027850000,0x0000000027950000)]
  0x00000000245c2000 JavaThread "jar transforms Thread 144" [_thread_blocked, id=21916, stack(0x0000000027750000,0x0000000027850000)]
  0x00000000198ac000 JavaThread "jar transforms Thread 143" [_thread_blocked, id=2032, stack(0x0000000027650000,0x0000000027750000)]
  0x00000000198aa000 JavaThread "jar transforms Thread 142" [_thread_blocked, id=20940, stack(0x0000000027550000,0x0000000027650000)]
  0x00000000198a9000 JavaThread "jar transforms Thread 141" [_thread_blocked, id=18632, stack(0x0000000027450000,0x0000000027550000)]
  0x00000000198aa800 JavaThread "jar transforms Thread 140" [_thread_blocked, id=1188, stack(0x0000000027350000,0x0000000027450000)]
  0x000000001cada800 JavaThread "jar transforms Thread 139" [_thread_blocked, id=20672, stack(0x0000000027250000,0x0000000027350000)]
  0x000000001cad5000 JavaThread "jar transforms Thread 138" [_thread_blocked, id=13336, stack(0x0000000027150000,0x0000000027250000)]
  0x000000001cad9000 JavaThread "jar transforms Thread 137" [_thread_blocked, id=5144, stack(0x0000000027050000,0x0000000027150000)]
  0x000000001cad4800 JavaThread "jar transforms Thread 136" [_thread_blocked, id=18640, stack(0x0000000026f50000,0x0000000027050000)]
  0x000000001cad6800 JavaThread "jar transforms Thread 135" [_thread_blocked, id=21820, stack(0x0000000026e50000,0x0000000026f50000)]
  0x000000001cad8000 JavaThread "jar transforms Thread 134" [_thread_blocked, id=3188, stack(0x0000000026d50000,0x0000000026e50000)]
  0x000000001cad3800 JavaThread "jar transforms Thread 133" [_thread_blocked, id=2432, stack(0x0000000026c50000,0x0000000026d50000)]
  0x000000001beae000 JavaThread "jar transforms Thread 132" [_thread_blocked, id=1552, stack(0x0000000026b50000,0x0000000026c50000)]
  0x000000001bead000 JavaThread "jar transforms Thread 131" [_thread_blocked, id=21652, stack(0x0000000026a50000,0x0000000026b50000)]
  0x000000001beac800 JavaThread "jar transforms Thread 130" [_thread_blocked, id=7584, stack(0x0000000025760000,0x0000000025860000)]
  0x000000001beab000 JavaThread "jar transforms Thread 129" [_thread_blocked, id=20856, stack(0x0000000025660000,0x0000000025760000)]
  0x000000001beaa000 JavaThread "jar transforms Thread 128" [_thread_blocked, id=20908, stack(0x0000000023f70000,0x0000000024070000)]
  0x000000001beb1000 JavaThread "jar transforms Thread 127" [_thread_blocked, id=21312, stack(0x0000000023670000,0x0000000023770000)]
  0x000000001beab800 JavaThread "jar transforms Thread 126" [_thread_blocked, id=692, stack(0x0000000023570000,0x0000000023670000)]
  0x000000001bea8000 JavaThread "jar transforms Thread 125" [_thread_blocked, id=15136, stack(0x0000000023470000,0x0000000023570000)]
  0x000000001bea2800 JavaThread "jar transforms Thread 124" [_thread_blocked, id=3364, stack(0x0000000023170000,0x0000000023270000)]
  0x000000001bea9800 JavaThread "jar transforms Thread 123" [_thread_blocked, id=14768, stack(0x0000000023070000,0x0000000023170000)]
  0x000000001bea4000 JavaThread "jar transforms Thread 122" [_thread_blocked, id=10284, stack(0x0000000022f70000,0x0000000023070000)]
  0x000000001bea1800 JavaThread "jar transforms Thread 121" [_thread_blocked, id=2364, stack(0x0000000022e70000,0x0000000022f70000)]
  0x000000001bea7000 JavaThread "jar transforms Thread 120" [_thread_blocked, id=14400, stack(0x0000000022d70000,0x0000000022e70000)]
  0x000000001bea6800 JavaThread "jar transforms Thread 119" [_thread_blocked, id=18468, stack(0x0000000022c70000,0x0000000022d70000)]
  0x000000001bea3000 JavaThread "jar transforms Thread 118" [_thread_blocked, id=1804, stack(0x0000000022b70000,0x0000000022c70000)]
  0x000000001bea5800 JavaThread "jar transforms Thread 117" [_thread_blocked, id=18324, stack(0x0000000022a70000,0x0000000022b70000)]
  0x000000001bea8800 JavaThread "jar transforms Thread 116" [_thread_blocked, id=16880, stack(0x0000000022970000,0x0000000022a70000)]
  0x000000001bea4800 JavaThread "jar transforms Thread 115" [_thread_blocked, id=20528, stack(0x0000000022870000,0x0000000022970000)]
  0x00000000251c1800 JavaThread "Daemon worker Thread 2" [_thread_blocked, id=9748, stack(0x000000001da80000,0x000000001db80000)]
  0x00000000251c3000 JavaThread "Daemon Thread 2" [_thread_blocked, id=6972, stack(0x0000000000c20000,0x0000000000d20000)]
  0x00000000198a7000 JavaThread "Memory manager" [_thread_blocked, id=22240, stack(0x000000002a8f0000,0x000000002a9f0000)]
  0x000000001beae800 JavaThread "Cache worker for file content cache (C:\Users\R.O.G\.gradle\caches\6.5\fileContent)" [_thread_blocked, id=10000, stack(0x0000000023e70000,0x0000000023f70000)]
  0x000000001beaf800 JavaThread "Cache worker for execution history cache (C:\Users\R.O.G\.gradle\caches\6.5\executionHistory)" [_thread_blocked, id=21616, stack(0x0000000023970000,0x0000000023a70000)]
  0x000000001cad6000 JavaThread "Cache worker for file hash cache (C:\Users\R.O.G\.gradle\caches\6.5\fileHashes)" [_thread_blocked, id=16088, stack(0x000000001e880000,0x000000001e980000)]
  0x000000001cad9800 JavaThread "File lock request listener" [_thread_in_native, id=15592, stack(0x000000001e780000,0x000000001e880000)]
  0x000000001cad7800 JavaThread "Cache worker for journal cache (C:\Users\R.O.G\.gradle\caches\journal-1)" [_thread_blocked, id=12432, stack(0x000000001e680000,0x000000001e780000)]
  0x000000001c67b000 JavaThread "Daemon periodic checks" [_thread_blocked, id=21960, stack(0x000000001d980000,0x000000001da80000)]
  0x000000001c672800 JavaThread "Incoming local TCP Connector on port 51465" [_thread_in_native, id=22264, stack(0x000000001d740000,0x000000001d840000)]
  0x000000001c1b8000 JavaThread "Daemon health stats" [_thread_in_Java, id=22152, stack(0x000000001bf00000,0x000000001c000000)]
  0x00000000198f1000 JavaThread "Service Thread" daemon [_thread_blocked, id=2692, stack(0x000000001a530000,0x000000001a630000)]
  0x000000001987c800 JavaThread "C1 CompilerThread3" daemon [_thread_blocked, id=19300, stack(0x000000001a430000,0x000000001a530000)]
  0x0000000019879000 JavaThread "C2 CompilerThread2" daemon [_thread_in_native, id=13028, stack(0x000000001a330000,0x000000001a430000)]
=>0x0000000019870800 JavaThread "C2 CompilerThread1" daemon [_thread_in_native, id=21072, stack(0x000000001a230000,0x000000001a330000)]
  0x0000000019863000 JavaThread "C2 CompilerThread0" daemon [_thread_in_native, id=21068, stack(0x000000001a130000,0x000000001a230000)]
  0x0000000019861800 JavaThread "Attach Listener" daemon [_thread_blocked, id=19920, stack(0x000000001a030000,0x000000001a130000)]
  0x0000000019860800 JavaThread "Signal Dispatcher" daemon [_thread_blocked, id=7308, stack(0x0000000019f30000,0x000000001a030000)]
  0x0000000019851000 JavaThread "Finalizer" daemon [_thread_blocked, id=19804, stack(0x0000000019d30000,0x0000000019e30000)]
  0x0000000019850800 JavaThread "Reference Handler" daemon [_thread_blocked, id=5172, stack(0x0000000019c30000,0x0000000019d30000)]
  0x0000000000f3e800 JavaThread "main" [_thread_blocked, id=4036, stack(0x0000000002780000,0x0000000002880000)]

Other Threads:
  0x0000000017a59000 VMThread [stack: 0x0000000019730000,0x0000000019830000] [id=8828]
  0x0000000019912000 WatcherThread [stack: 0x000000001a630000,0x000000001a730000] [id=21192]

VM state:not at safepoint (normal execution)

VM Mutex/Monitor currently owned by a thread: None

Heap:
 PSYoungGen      total 452096K, used 193690K [0x00000000d5580000, 0x00000000f5580000, 0x0000000100000000)
  eden space 385024K, 46% used [0x00000000d5580000,0x00000000e04b3b90,0x00000000ecd80000)
  from space 67072K, 21% used [0x00000000f1400000,0x00000000f21f2f40,0x00000000f5580000)
  to   space 69632K, 0% used [0x00000000ecd80000,0x00000000ecd80000,0x00000000f1180000)
 ParOldGen       total 310784K, used 209992K [0x0000000080000000, 0x0000000092f80000, 0x00000000d5580000)
  object space 310784K, 67% used [0x0000000080000000,0x000000008cd121b0,0x0000000092f80000)
 Metaspace       used 115080K, capacity 122378K, committed 123264K, reserved 1155072K
  class space    used 15448K, capacity 16820K, committed 17024K, reserved 1048576K

Card table byte_map: [0x0000000011db0000,0x00000000121c0000] byte_map_base: 0x00000000119b0000

Marking Bits: (ParMarkBitMap*) 0x0000000072cb3e30
 Begin Bits: [0x0000000012c70000, 0x0000000014c70000)
 End Bits:   [0x0000000014c70000, 0x0000000016c70000)

Polling page: 0x0000000000b10000

CodeCache: size=245760Kb used=66364Kb max_used=67667Kb free=179395Kb
 bounds [0x00000000029f0000, 0x0000000006c70000, 0x00000000119f0000]
 total_blobs=20166 nmethods=19251 adapters=825
 compilation: enabled

Compilation events (10 events):
Event: 345.036 Thread 0x000000001987c800 nmethod 24534 0x0000000005f7ed10 code [0x0000000005f7ee60, 0x0000000005f7ef70]
Event: 345.036 Thread 0x000000001987c800 24535   !   3       com.android.tools.r8.ir.optimize.c::a (472 bytes)
Event: 345.038 Thread 0x000000001987c800 nmethod 24535 0x0000000005f4a790 code [0x0000000005f4ab40, 0x0000000005f4c748]
Event: 345.040 Thread 0x000000001987c800 24536       2       com.android.tools.r8.graph.F::<init> (87 bytes)
Event: 345.041 Thread 0x000000001987c800 nmethod 24536 0x0000000005f3a6d0 code [0x0000000005f3a840, 0x0000000005f3aa88]
Event: 345.041 Thread 0x000000001987c800 24538       2       java.util.HashMap::containsKey (18 bytes)
Event: 345.041 Thread 0x000000001987c800 nmethod 24538 0x0000000005d89010 code [0x0000000005d89180, 0x0000000005d89358]
Event: 345.048 Thread 0x000000001987c800 24540       3       com.android.tools.r8.dex.r::a (171 bytes)
Event: 345.049 Thread 0x000000001987c800 nmethod 24540 0x000000000515b410 code [0x000000000515b680, 0x000000000515c5e8]
Event: 345.058 Thread 0x000000001987c800 24541       3       com.android.tools.r8.ir.optimize.l$b::doHash (151 bytes)

GC Heap History (10 events):
Event: 343.051 GC heap before
{Heap before GC invocations=33 (full 5):
 PSYoungGen      total 381440K, used 331030K [0x00000000d5580000, 0x00000000f0180000, 0x0000000100000000)
  eden space 324608K, 100% used [0x00000000d5580000,0x00000000e9280000,0x00000000e9280000)
  from space 56832K, 11% used [0x00000000e9280000,0x00000000e98c5948,0x00000000eca00000)
  to   space 48640K, 0% used [0x00000000ed200000,0x00000000ed200000,0x00000000f0180000)
 ParOldGen       total 310784K, used 179051K [0x0000000080000000, 0x0000000092f80000, 0x00000000d5580000)
  object space 310784K, 57% used [0x0000000080000000,0x000000008aedac20,0x0000000092f80000)
 Metaspace       used 114978K, capacity 122216K, committed 123008K, reserved 1155072K
  class space    used 15445K, capacity 16819K, committed 17024K, reserved 1048576K
Event: 343.069 GC heap after
Heap after GC invocations=33 (full 5):
 PSYoungGen      total 373248K, used 10416K [0x00000000d5580000, 0x00000000f0180000, 0x0000000100000000)
  eden space 324608K, 0% used [0x00000000d5580000,0x00000000d5580000,0x00000000e9280000)
  from space 48640K, 21% used [0x00000000ed200000,0x00000000edc2c190,0x00000000f0180000)
  to   space 56832K, 0% used [0x00000000e9280000,0x00000000e9280000,0x00000000eca00000)
 ParOldGen       total 310784K, used 184019K [0x0000000080000000, 0x0000000092f80000, 0x00000000d5580000)
  object space 310784K, 59% used [0x0000000080000000,0x000000008b3b4c58,0x0000000092f80000)
 Metaspace       used 114978K, capacity 122216K, committed 123008K, reserved 1155072K
  class space    used 15445K, capacity 16819K, committed 17024K, reserved 1048576K
}
Event: 343.535 GC heap before
{Heap before GC invocations=34 (full 5):
 PSYoungGen      total 373248K, used 335024K [0x00000000d5580000, 0x00000000f0180000, 0x0000000100000000)
  eden space 324608K, 100% used [0x00000000d5580000,0x00000000e9280000,0x00000000e9280000)
  from space 48640K, 21% used [0x00000000ed200000,0x00000000edc2c190,0x00000000f0180000)
  to   space 56832K, 0% used [0x00000000e9280000,0x00000000e9280000,0x00000000eca00000)
 ParOldGen       total 310784K, used 184019K [0x0000000080000000, 0x0000000092f80000, 0x00000000d5580000)
  object space 310784K, 59% used [0x0000000080000000,0x000000008b3b4c58,0x0000000092f80000)
 Metaspace       used 114986K, capacity 122224K, committed 123008K, reserved 1155072K
  class space    used 15445K, capacity 16819K, committed 17024K, reserved 1048576K
Event: 343.557 GC heap after
Heap after GC invocations=34 (full 5):
 PSYoungGen      total 381440K, used 7456K [0x00000000d5580000, 0x00000000f0180000, 0x0000000100000000)
  eden space 324608K, 0% used [0x00000000d5580000,0x00000000d5580000,0x00000000e9280000)
  from space 56832K, 13% used [0x00000000e9280000,0x00000000e99c8250,0x00000000eca00000)
  to   space 48640K, 0% used [0x00000000ed200000,0x00000000ed200000,0x00000000f0180000)
 ParOldGen       total 310784K, used 193039K [0x0000000080000000, 0x0000000092f80000, 0x00000000d5580000)
  object space 310784K, 62% used [0x0000000080000000,0x000000008bc83c88,0x0000000092f80000)
 Metaspace       used 114986K, capacity 122224K, committed 123008K, reserved 1155072K
  class space    used 15445K, capacity 16819K, committed 17024K, reserved 1048576K
}
Event: 344.029 GC heap before
{Heap before GC invocations=35 (full 5):
 PSYoungGen      total 381440K, used 332064K [0x00000000d5580000, 0x00000000f0180000, 0x0000000100000000)
  eden space 324608K, 100% used [0x00000000d5580000,0x00000000e9280000,0x00000000e9280000)
  from space 56832K, 13% used [0x00000000e9280000,0x00000000e99c8250,0x00000000eca00000)
  to   space 48640K, 0% used [0x00000000ed200000,0x00000000ed200000,0x00000000f0180000)
 ParOldGen       total 310784K, used 193039K [0x0000000080000000, 0x0000000092f80000, 0x00000000d5580000)
  object space 310784K, 62% used [0x0000000080000000,0x000000008bc83c88,0x0000000092f80000)
 Metaspace       used 115001K, capacity 122228K, committed 123008K, reserved 1155072K
  class space    used 15446K, capacity 16819K, committed 17024K, reserved 1048576K
Event: 344.052 GC heap after
Heap after GC invocations=35 (full 5):
 PSYoungGen      total 373248K, used 9854K [0x00000000d5580000, 0x00000000f0180000, 0x0000000100000000)
  eden space 324608K, 0% used [0x00000000d5580000,0x00000000d5580000,0x00000000e9280000)
  from space 48640K, 20% used [0x00000000ed200000,0x00000000edb9fbd8,0x00000000f0180000)
  to   space 56832K, 0% used [0x00000000e9280000,0x00000000e9280000,0x00000000eca00000)
 ParOldGen       total 310784K, used 198329K [0x0000000080000000, 0x0000000092f80000, 0x00000000d5580000)
  object space 310784K, 63% used [0x0000000080000000,0x000000008c1ae7c8,0x0000000092f80000)
 Metaspace       used 115001K, capacity 122228K, committed 123008K, reserved 1155072K
  class space    used 15446K, capacity 16819K, committed 17024K, reserved 1048576K
}
Event: 344.484 GC heap before
{Heap before GC invocations=36 (full 5):
 PSYoungGen      total 373248K, used 334462K [0x00000000d5580000, 0x00000000f0180000, 0x0000000100000000)
  eden space 324608K, 100% used [0x00000000d5580000,0x00000000e9280000,0x00000000e9280000)
  from space 48640K, 20% used [0x00000000ed200000,0x00000000edb9fbd8,0x00000000f0180000)
  to   space 56832K, 0% used [0x00000000e9280000,0x00000000e9280000,0x00000000eca00000)
 ParOldGen       total 310784K, used 198329K [0x0000000080000000, 0x0000000092f80000, 0x00000000d5580000)
  object space 310784K, 63% used [0x0000000080000000,0x000000008c1ae7c8,0x0000000092f80000)
 Metaspace       used 115039K, capacity 122302K, committed 123264K, reserved 1155072K
  class space    used 15446K, capacity 16820K, committed 17024K, reserved 1048576K
Event: 344.502 GC heap after
Heap after GC invocations=36 (full 5):
 PSYoungGen      total 381440K, used 10195K [0x00000000d5580000, 0x00000000f5c00000, 0x0000000100000000)
  eden space 324608K, 0% used [0x00000000d5580000,0x00000000d5580000,0x00000000e9280000)
  from space 56832K, 17% used [0x00000000e9280000,0x00000000e9c74c48,0x00000000eca00000)
  to   space 73728K, 0% used [0x00000000f1400000,0x00000000f1400000,0x00000000f5c00000)
 ParOldGen       total 310784K, used 203504K [0x0000000080000000, 0x0000000092f80000, 0x00000000d5580000)
  object space 310784K, 65% used [0x0000000080000000,0x000000008c6bc1f0,0x0000000092f80000)
 Metaspace       used 115039K, capacity 122302K, committed 123264K, reserved 1155072K
  class space    used 15446K, capacity 16820K, committed 17024K, reserved 1048576K
}
Event: 344.852 GC heap before
{Heap before GC invocations=37 (full 5):
 PSYoungGen      total 381440K, used 334803K [0x00000000d5580000, 0x00000000f5c00000, 0x0000000100000000)
  eden space 324608K, 100% used [0x00000000d5580000,0x00000000e9280000,0x00000000e9280000)
  from space 56832K, 17% used [0x00000000e9280000,0x00000000e9c74c48,0x00000000eca00000)
  to   space 73728K, 0% used [0x00000000f1400000,0x00000000f1400000,0x00000000f5c00000)
 ParOldGen       total 310784K, used 203504K [0x0000000080000000, 0x0000000092f80000, 0x00000000d5580000)
  object space 310784K, 65% used [0x0000000080000000,0x000000008c6bc1f0,0x0000000092f80000)
 Metaspace       used 115071K, capacity 122374K, committed 123264K, reserved 1155072K
  class space    used 15448K, capacity 16820K, committed 17024K, reserved 1048576K
Event: 344.871 GC heap after
Heap after GC invocations=37 (full 5):
 PSYoungGen      total 452096K, used 14283K [0x00000000d5580000, 0x00000000f5580000, 0x0000000100000000)
  eden space 385024K, 0% used [0x00000000d5580000,0x00000000d5580000,0x00000000ecd80000)
  from space 67072K, 21% used [0x00000000f1400000,0x00000000f21f2f40,0x00000000f5580000)
  to   space 69632K, 0% used [0x00000000ecd80000,0x00000000ecd80000,0x00000000f1180000)
 ParOldGen       total 310784K, used 209992K [0x0000000080000000, 0x0000000092f80000, 0x00000000d5580000)
  object space 310784K, 67% used [0x0000000080000000,0x000000008cd121b0,0x0000000092f80000)
 Metaspace       used 115071K, capacity 122374K, committed 123264K, reserved 1155072K
  class space    used 15448K, capacity 16820K, committed 17024K, reserved 1048576K
}

Deoptimization events (10 events):
Event: 343.415 Thread 0x000000001f234800 Uncommon trap: reason=class_check action=maybe_recompile pc=0x0000000004564668 method=com.android.tools.r8.s.a.h.e.b(Lcom/android/tools/r8/s/b/k0;)V @ 244
Event: 344.669 Thread 0x000000001f23a800 Uncommon trap: reason=unstable_if action=reinterpret pc=0x0000000006bb9e08 method=com.android.tools.r8.graph.s.equals(Ljava/lang/Object;)Z @ 29
Event: 344.824 Thread 0x000000001f237000 Uncommon trap: reason=unstable_if action=reinterpret pc=0x0000000005ee320c method=java.util.concurrent.ConcurrentHashMap.computeIfAbsent(Ljava/lang/Object;Ljava/util/function/Function;)Ljava/lang/Object; @ 456
Event: 344.827 Thread 0x000000001f237000 Uncommon trap: reason=unstable_if action=reinterpret pc=0x0000000002ee343c method=java.util.concurrent.ConcurrentHashMap.transfer([Ljava/util/concurrent/ConcurrentHashMap$Node;[Ljava/util/concurrent/ConcurrentHashMap$Node;)V @ 356
Event: 344.850 Thread 0x000000001f23a000 Uncommon trap: reason=class_check action=maybe_recompile pc=0x0000000006c3b508 method=com.android.tools.r8.q.a.a.a.v$a.equals(Ljava/lang/Object;)Z @ 27
Event: 344.851 Thread 0x000000001f23a000 Uncommon trap: reason=class_check action=maybe_recompile pc=0x0000000006c3b508 method=com.android.tools.r8.q.a.a.a.v$a.equals(Ljava/lang/Object;)Z @ 27
Event: 345.009 Thread 0x000000001f238800 Uncommon trap: reason=unstable_if action=reinterpret pc=0x00000000053c6bd0 method=com.android.tools.r8.graph.w.equals(Ljava/lang/Object;)Z @ 30
Event: 345.009 Thread 0x000000001f238800 Uncommon trap: reason=unstable_if action=reinterpret pc=0x0000000005380ff4 method=com.android.tools.r8.graph.w.equals(Ljava/lang/Object;)Z @ 30
Event: 345.040 Thread 0x000000001f237800 Uncommon trap: reason=class_check action=maybe_recompile pc=0x0000000006c21700 method=com.android.tools.r8.q.a.a.a.v$a.equals(Ljava/lang/Object;)Z @ 27
Event: 345.040 Thread 0x000000001f237800 Uncommon trap: reason=class_check action=maybe_recompile pc=0x0000000006c21700 method=com.android.tools.r8.q.a.a.a.v$a.equals(Ljava/lang/Object;)Z @ 27

Classes redefined (0 events):
No events

Internal exceptions (10 events):
Event: 344.292 Thread 0x000000001f23a800 Exception <a 'sun/nio/fs/WindowsException'> (0x00000000df09c530) thrown at [C:\re\workspace\8-2-build-windows-amd64-cygwin\jdk8u191\11896\hotspot\src\share\vm\prims\jni.cpp, line 709]
Event: 344.344 Thread 0x000000001f231000 Exception <a 'sun/nio/fs/WindowsException'> (0x00000000e3639e88) thrown at [C:\re\workspace\8-2-build-windows-amd64-cygwin\jdk8u191\11896\hotspot\src\share\vm\prims\jni.cpp, line 709]
Event: 344.353 Thread 0x000000001f23a800 Exception <a 'sun/nio/fs/WindowsException'> (0x00000000e3e92678) thrown at [C:\re\workspace\8-2-build-windows-amd64-cygwin\jdk8u191\11896\hotspot\src\share\vm\prims\jni.cpp, line 709]
Event: 344.415 Thread 0x000000001f23a000 Exception <a 'sun/nio/fs/WindowsException'> (0x00000000e5fa2b20) thrown at [C:\re\workspace\8-2-build-windows-amd64-cygwin\jdk8u191\11896\hotspot\src\share\vm\prims\jni.cpp, line 709]
Event: 344.576 Thread 0x000000001f237000 Exception <a 'sun/nio/fs/WindowsException'> (0x00000000d8d77370) thrown at [C:\re\workspace\8-2-build-windows-amd64-cygwin\jdk8u191\11896\hotspot\src\share\vm\prims\jni.cpp, line 709]
Event: 344.585 Thread 0x000000001f23a000 Exception <a 'sun/nio/fs/WindowsException'> (0x00000000d9266fe0) thrown at [C:\re\workspace\8-2-build-windows-amd64-cygwin\jdk8u191\11896\hotspot\src\share\vm\prims\jni.cpp, line 709]
Event: 344.758 Thread 0x000000001f237000 Exception <a 'sun/nio/fs/WindowsException'> (0x00000000e40c4518) thrown at [C:\re\workspace\8-2-build-windows-amd64-cygwin\jdk8u191\11896\hotspot\src\share\vm\prims\jni.cpp, line 709]
Event: 344.776 Thread 0x000000001f23a800 Exception <a 'sun/nio/fs/WindowsException'> (0x00000000e4d329a0) thrown at [C:\re\workspace\8-2-build-windows-amd64-cygwin\jdk8u191\11896\hotspot\src\share\vm\prims\jni.cpp, line 709]
Event: 344.818 Thread 0x000000001f237000 Exception <a 'sun/nio/fs/WindowsException'> (0x00000000e7669d58) thrown at [C:\re\workspace\8-2-build-windows-amd64-cygwin\jdk8u191\11896\hotspot\src\share\vm\prims\jni.cpp, line 709]
Event: 344.894 Thread 0x000000001f23a800 Exception <a 'sun/nio/fs/WindowsException'> (0x00000000d714fc48) thrown at [C:\re\workspace\8-2-build-windows-amd64-cygwin\jdk8u191\11896\hotspot\src\share\vm\prims\jni.cpp, line 709]

Events (10 events):
Event: 345.040 Thread 0x000000001f237800 DEOPT PACKING pc=0x0000000006c21700 sp=0x000000002256a7b0
Event: 345.040 Thread 0x000000001f237800 DEOPT UNPACKING pc=0x0000000002a3583b sp=0x000000002256a5b0 mode 2
Event: 345.045 Thread 0x000000001f23a000 DEOPT PACKING pc=0x0000000006211262 sp=0x000000002246a820
Event: 345.045 Thread 0x000000001f23a000 DEOPT UNPACKING pc=0x0000000002a37890 sp=0x000000002246a978 mode 0
Event: 345.047 Thread 0x000000001f237000 DEOPT PACKING pc=0x000000000606f725 sp=0x000000002236a700
Event: 345.047 Thread 0x000000001f237000 DEOPT UNPACKING pc=0x0000000002a37890 sp=0x000000002236a478 mode 0
Event: 345.052 Thread 0x000000001f23a800 DEOPT PACKING pc=0x0000000006211262 sp=0x000000002276aa00
Event: 345.052 Thread 0x000000001f23a800 DEOPT UNPACKING pc=0x0000000002a37890 sp=0x000000002276ab58 mode 0
Event: 345.053 Thread 0x000000001f23a000 DEOPT PACKING pc=0x00000000061bf6de sp=0x000000002246a830
Event: 345.053 Thread 0x000000001f23a000 DEOPT UNPACKING pc=0x0000000002a37890 sp=0x000000002246a680 mode 0


Dynamic libraries:
0x00007ff6671c0000 - 0x00007ff6671f7000 	C:\Program Files\Java\jdk1.8.0_191\bin\java.exe
0x00007ff840620000 - 0x00007ff840810000 	C:\WINDOWS\SYSTEM32\ntdll.dll
0x00007ff83fbe0000 - 0x00007ff83fc92000 	C:\WINDOWS\System32\KERNEL32.DLL
0x00007ff83daa0000 - 0x00007ff83dd45000 	C:\WINDOWS\System32\KERNELBASE.dll
0x00007ff83f190000 - 0x00007ff83f233000 	C:\WINDOWS\System32\ADVAPI32.dll
0x00007ff83e6d0000 - 0x00007ff83e76e000 	C:\WINDOWS\System32\msvcrt.dll
0x00007ff83e960000 - 0x00007ff83e9f7000 	C:\WINDOWS\System32\sechost.dll
0x00007ff83f240000 - 0x00007ff83f360000 	C:\WINDOWS\System32\RPCRT4.dll
0x00007ff83fcb0000 - 0x00007ff83fe45000 	C:\WINDOWS\System32\USER32.dll
0x00007ff83d720000 - 0x00007ff83d741000 	C:\WINDOWS\System32\win32u.dll
0x00007ff83ef80000 - 0x00007ff83efa6000 	C:\WINDOWS\System32\GDI32.dll
0x00007ff83e530000 - 0x00007ff83e6c6000 	C:\WINDOWS\System32\gdi32full.dll
0x00007ff83d850000 - 0x00007ff83d8ee000 	C:\WINDOWS\System32\msvcp_win.dll
0x00007ff83d920000 - 0x00007ff83da1a000 	C:\WINDOWS\System32\ucrtbase.dll
0x00007ff82a5d0000 - 0x00007ff82a854000 	C:\WINDOWS\WinSxS\amd64_microsoft.windows.common-controls_6595b64144ccf1df_6.0.18362.1082_none_9e8193e1e45b25c1\COMCTL32.dll
0x00007ff8402a0000 - 0x00007ff8405d5000 	C:\WINDOWS\System32\combase.dll
0x00007ff83da20000 - 0x00007ff83daa0000 	C:\WINDOWS\System32\bcryptPrimitives.dll
0x00007ff83f020000 - 0x00007ff83f04e000 	C:\WINDOWS\System32\IMM32.DLL
0x0000000072d40000 - 0x0000000072e12000 	C:\Program Files\Java\jdk1.8.0_191\jre\bin\msvcr100.dll
0x0000000072490000 - 0x0000000072d34000 	C:\Program Files\Java\jdk1.8.0_191\jre\bin\server\jvm.dll
0x00007ff840230000 - 0x00007ff840238000 	C:\WINDOWS\System32\PSAPI.DLL
0x00007ff839000000 - 0x00007ff839024000 	C:\WINDOWS\SYSTEM32\WINMM.dll
0x00007ff826800000 - 0x00007ff826809000 	C:\WINDOWS\SYSTEM32\WSOCK32.dll
0x00007ff8354c0000 - 0x00007ff8354ca000 	C:\WINDOWS\SYSTEM32\VERSION.dll
0x00007ff83fb70000 - 0x00007ff83fbdf000 	C:\WINDOWS\System32\WS2_32.dll
0x00007ff838fb0000 - 0x00007ff838fdd000 	C:\WINDOWS\SYSTEM32\WINMMBASE.dll
0x00007ff83d800000 - 0x00007ff83d84a000 	C:\WINDOWS\System32\cfgmgr32.dll
0x0000000072480000 - 0x000000007248f000 	C:\Program Files\Java\jdk1.8.0_191\jre\bin\verify.dll
0x0000000072450000 - 0x0000000072479000 	C:\Program Files\Java\jdk1.8.0_191\jre\bin\java.dll
0x00000000723e0000 - 0x00000000723f6000 	C:\Program Files\Java\jdk1.8.0_191\jre\bin\zip.dll
0x00007ff83f480000 - 0x00007ff83fb67000 	C:\WINDOWS\System32\SHELL32.dll
0x00007ff83f370000 - 0x00007ff83f419000 	C:\WINDOWS\System32\shcore.dll
0x00007ff83dd50000 - 0x00007ff83e4d0000 	C:\WINDOWS\System32\windows.storage.dll
0x00007ff83d580000 - 0x00007ff83d5a3000 	C:\WINDOWS\System32\profapi.dll
0x00007ff83d4f0000 - 0x00007ff83d53a000 	C:\WINDOWS\System32\powrprof.dll
0x00007ff83d4e0000 - 0x00007ff83d4f0000 	C:\WINDOWS\System32\UMPDC.dll
0x00007ff840240000 - 0x00007ff840292000 	C:\WINDOWS\System32\shlwapi.dll
0x00007ff83d540000 - 0x00007ff83d551000 	C:\WINDOWS\System32\kernel.appcore.dll
0x00007ff83d5b0000 - 0x00007ff83d5c7000 	C:\WINDOWS\System32\cryptsp.dll
0x00000000723c0000 - 0x00000000723da000 	C:\Program Files\Java\jdk1.8.0_191\jre\bin\net.dll
0x00007ff83cd30000 - 0x00007ff83cd97000 	C:\WINDOWS\system32\mswsock.dll
0x00000000723a0000 - 0x00000000723b1000 	C:\Program Files\Java\jdk1.8.0_191\jre\bin\nio.dll
0x00007ff81d830000 - 0x00007ff81d857000 	C:\Users\R.O.G\.gradle\native\f6784746aeab05261644944871eae4fe03e0ef1612fff0a4a95f87b438bc6780\windows-amd64\native-platform.dll
0x0000000072390000 - 0x000000007239d000 	C:\Program Files\Java\jdk1.8.0_191\jre\bin\management.dll
0x00007ff83c890000 - 0x00007ff83c8c3000 	C:\WINDOWS\system32\rsaenh.dll
0x00007ff83d8f0000 - 0x00007ff83d916000 	C:\WINDOWS\System32\bcrypt.dll
0x00007ff83d400000 - 0x00007ff83d425000 	C:\WINDOWS\SYSTEM32\USERENV.dll
0x00007ff83cf00000 - 0x00007ff83cf0c000 	C:\WINDOWS\SYSTEM32\CRYPTBASE.dll
0x00007ff83ca40000 - 0x00007ff83ca7a000 	C:\WINDOWS\SYSTEM32\IPHLPAPI.DLL
0x00007ff83fca0000 - 0x00007ff83fca8000 	C:\WINDOWS\System32\NSI.dll
0x00007ff8355a0000 - 0x00007ff8355b6000 	C:\WINDOWS\SYSTEM32\dhcpcsvc6.DLL
0x00007ff836650000 - 0x00007ff83666c000 	C:\WINDOWS\SYSTEM32\dhcpcsvc.DLL
0x00007ff83ca80000 - 0x00007ff83cb4b000 	C:\WINDOWS\SYSTEM32\DNSAPI.dll
0x00007ff8375b0000 - 0x00007ff8375bb000 	C:\WINDOWS\SYSTEM32\WINNSI.DLL
0x00007ff81d9a0000 - 0x00007ff81d9be000 	C:\Users\R.O.G\AppData\Local\Temp\native-platform7629233747646633273dir\native-platform.dll

VM Arguments:
jvm_args: -Xmx2048m -Dfile.encoding=UTF-8 -Duser.country=ID -Duser.language=en -Duser.variant 
java_command: org.gradle.launcher.daemon.bootstrap.GradleDaemon 6.5
java_class_path (initial): C:\Users\R.O.G\.gradle\wrapper\dists\gradle-6.5-bin\6nifqtx7604sqp1q6g8wikw7p\gradle-6.5\lib\gradle-launcher-6.5.jar
Launcher Type: SUN_STANDARD

Environment Variables:
JAVA_HOME=C:\Program Files\Java\jdk1.8.0_191
USERNAME=R.O.G
OS=Windows_NT
PROCESSOR_IDENTIFIER=Intel64 Family 6 Model 158 Stepping 9, GenuineIntel



---------------  S Y S T E M  ---------------

OS: Windows 10.0 , 64 bit Build 18362 (10.0.18362.1082)

CPU:total 8 (initial active 8) (4 cores per cpu, 2 threads per core) family 6 model 158 stepping 9, cmov, cx8, fxsr, mmx, sse, sse2, sse3, ssse3, sse4.1, sse4.2, popcnt, avx, avx2, aes, clmul, erms, 3dnowpref, lzcnt, ht, tsc, tscinvbit, bmi1, bmi2, adx

Memory: 4k page, physical 16659272k(2885932k free), swap 23714556k(5732k free)

vm_info: Java HotSpot(TM) 64-Bit Server VM (25.191-b12) for windows-amd64 JRE (1.8.0_191-b12), built on Oct  6 2018 09:29:03 by "java_re" with MS VC++ 10.0 (VS2010)

time: Fri May 21 01:53:35 2021
elapsed time: 345 seconds (0d 0h 5m 45s)

