#
# There is insufficient memory for the Java Runtime Environment to continue.
# Native memory allocation (malloc) failed to allocate 1573456 bytes for Chunk::new
# Possible reasons:
#   The system is out of physical RAM or swap space
#   In 32 bit mode, the process size limit was hit
# Possible solutions:
#   Reduce memory load on the system
#   Increase physical memory or swap space
#   Check if swap backing store is full
#   Use 64 bit Java on a 64 bit OS
#   Decrease Java heap size (-Xmx/-Xms)
#   Decrease number of Java threads
#   Decrease Java thread stack sizes (-Xss)
#   Set larger code cache with -XX:ReservedCodeCacheSize=
# This output file may be truncated or incomplete.
#
#  Out of Memory Error (allocation.cpp:390), pid=16024, tid=0x0000000000001688
#
# JRE version: Java(TM) SE Runtime Environment (8.0_191-b12) (build 1.8.0_191-b12)
# Java VM: Java HotSpot(TM) 64-Bit Server VM (25.191-b12 mixed mode windows-amd64 compressed oops)
# Failed to write core dump. Minidumps are not enabled by default on client versions of Windows
#

---------------  T H R E A D  ---------------

Current thread (0x0000000019869800):  JavaThread "C2 CompilerThread1" daemon [_thread_in_native, id=5768, stack(0x000000001a230000,0x000000001a330000)]

Stack: [0x000000001a230000,0x000000001a330000]
[error occurred during error reporting (printing stack bounds), id 0xc0000005]

Native frames: (J=compiled Java code, j=interpreted, Vv=VM code, C=native code)


Current CompileTask:
C2:   7083 5539       4       sun.reflect.generics.parser.SignatureParser::parsePackageNameAndSimpleClassTypeSignature (139 bytes)


---------------  P R O C E S S  ---------------

Java Threads: ( => current thread )
  0x000000001cb18800 JavaThread "jar transforms Thread 114" [_thread_blocked, id=1428, stack(0x000000002dd70000,0x000000002de70000)]
  0x000000001cb18000 JavaThread "jar transforms Thread 113" [_thread_blocked, id=17444, stack(0x000000002dc70000,0x000000002dd70000)]
  0x000000001cb17000 JavaThread "jar transforms Thread 112" [_thread_blocked, id=3648, stack(0x000000002db70000,0x000000002dc70000)]
  0x000000001cb16800 JavaThread "jar transforms Thread 111" [_thread_blocked, id=11168, stack(0x000000002da70000,0x000000002db70000)]
  0x000000001cb0f000 JavaThread "jar transforms Thread 110" [_thread_blocked, id=14492, stack(0x000000002d970000,0x000000002da70000)]
  0x000000001cb15800 JavaThread "jar transforms Thread 109" [_thread_blocked, id=2732, stack(0x000000002d870000,0x000000002d970000)]
  0x000000001cb0e000 JavaThread "jar transforms Thread 108" [_thread_blocked, id=13036, stack(0x000000002d770000,0x000000002d870000)]
  0x000000001cb15000 JavaThread "jar transforms Thread 107" [_thread_blocked, id=9544, stack(0x000000002d670000,0x000000002d770000)]
  0x000000001cb14000 JavaThread "jar transforms Thread 106" [_thread_blocked, id=20548, stack(0x000000002d570000,0x000000002d670000)]
  0x000000001cb0d800 JavaThread "jar transforms Thread 105" [_thread_blocked, id=21860, stack(0x000000002d470000,0x000000002d570000)]
  0x000000001cb13800 JavaThread "jar transforms Thread 104" [_thread_blocked, id=5076, stack(0x000000002d370000,0x000000002d470000)]
  0x000000001cb0c000 JavaThread "jar transforms Thread 103" [_thread_blocked, id=18012, stack(0x000000002d270000,0x000000002d370000)]
  0x000000001cb12000 JavaThread "jar transforms Thread 102" [_thread_blocked, id=14228, stack(0x000000002d170000,0x000000002d270000)]
  0x000000001cb11000 JavaThread "jar transforms Thread 101" [_thread_blocked, id=14840, stack(0x000000002d070000,0x000000002d170000)]
  0x000000001cb10800 JavaThread "jar transforms Thread 100" [_thread_blocked, id=22364, stack(0x000000002cf70000,0x000000002d070000)]
  0x000000001cb12800 JavaThread "jar transforms Thread 99" [_thread_blocked, id=15560, stack(0x000000002ce70000,0x000000002cf70000)]
  0x000000001cb0c800 JavaThread "jar transforms Thread 98" [_thread_blocked, id=22488, stack(0x000000002cc70000,0x000000002cd70000)]
  0x000000001cb0f800 JavaThread "jar transforms Thread 97" [_thread_blocked, id=15848, stack(0x000000002cb70000,0x000000002cc70000)]
  0x000000001cb0a800 JavaThread "jar transforms Thread 96" [_thread_blocked, id=9192, stack(0x000000002ca70000,0x000000002cb70000)]
  0x000000001cb0b000 JavaThread "jar transforms Thread 95" [_thread_blocked, id=22312, stack(0x000000002c970000,0x000000002ca70000)]
  0x000000001cb03800 JavaThread "jar transforms Thread 94" [_thread_blocked, id=1340, stack(0x000000002c870000,0x000000002c970000)]
  0x000000001cb05800 JavaThread "jar transforms Thread 93" [_thread_blocked, id=18100, stack(0x000000002c770000,0x000000002c870000)]
  0x000000001cb07000 JavaThread "jar transforms Thread 92" [_thread_blocked, id=22076, stack(0x000000002c670000,0x000000002c770000)]
  0x000000001cb05000 JavaThread "jar transforms Thread 91" [_thread_blocked, id=6676, stack(0x000000002c570000,0x000000002c670000)]
  0x000000001cb02800 JavaThread "jar transforms Thread 90" [_thread_blocked, id=6732, stack(0x000000002c470000,0x000000002c570000)]
  0x000000001cb09800 JavaThread "jar transforms Thread 89" [_thread_blocked, id=1772, stack(0x000000002c370000,0x000000002c470000)]
  0x000000001cb08000 JavaThread "jar transforms Thread 88" [_thread_blocked, id=20300, stack(0x000000002c270000,0x000000002c370000)]
  0x000000001cb08800 JavaThread "jar transforms Thread 87" [_thread_blocked, id=22040, stack(0x000000002c170000,0x000000002c270000)]
  0x000000001cb06800 JavaThread "jar transforms Thread 86" [_thread_blocked, id=10400, stack(0x000000002c070000,0x000000002c170000)]
  0x000000001caff000 JavaThread "jar transforms Thread 85" [_thread_blocked, id=4436, stack(0x000000002bf70000,0x000000002c070000)]
  0x000000001cb01000 JavaThread "jar transforms Thread 84" [_thread_blocked, id=7420, stack(0x000000002be70000,0x000000002bf70000)]
  0x000000001cafe000 JavaThread "jar transforms Thread 83" [_thread_blocked, id=14944, stack(0x000000002bd70000,0x000000002be70000)]
  0x000000001cb02000 JavaThread "jar transforms Thread 82" [_thread_blocked, id=15540, stack(0x000000002bc70000,0x000000002bd70000)]
  0x000000001cb00800 JavaThread "jar transforms Thread 81" [_thread_blocked, id=16040, stack(0x000000002bb70000,0x000000002bc70000)]
  0x000000001cb04000 JavaThread "jar transforms Thread 80" [_thread_blocked, id=12652, stack(0x000000002ba70000,0x000000002bb70000)]
  0x000000001cafb000 JavaThread "jar transforms Thread 79" [_thread_blocked, id=3932, stack(0x000000002b970000,0x000000002ba70000)]
  0x000000001cafa800 JavaThread "jar transforms Thread 78" [_thread_blocked, id=9884, stack(0x000000002b870000,0x000000002b970000)]
  0x000000001caff800 JavaThread "jar transforms Thread 77" [_thread_blocked, id=1940, stack(0x000000002b770000,0x000000002b870000)]
  0x000000001cafd800 JavaThread "jar transforms Thread 76" [_thread_blocked, id=22400, stack(0x000000002b670000,0x000000002b770000)]
  0x000000001cafc000 JavaThread "jar transforms Thread 75" [_thread_blocked, id=5404, stack(0x000000002b570000,0x000000002b670000)]
  0x000000001cafc800 JavaThread "jar transforms Thread 74" [_thread_blocked, id=10280, stack(0x000000002b470000,0x000000002b570000)]
  0x000000001fed9800 JavaThread "jar transforms Thread 73" [_thread_blocked, id=15120, stack(0x000000002b370000,0x000000002b470000)]
  0x000000001fed9000 JavaThread "jar transforms Thread 72" [_thread_blocked, id=5936, stack(0x000000002b270000,0x000000002b370000)]
  0x000000001fed7800 JavaThread "jar transforms Thread 71" [_thread_blocked, id=22256, stack(0x000000002b170000,0x000000002b270000)]
  0x000000001fed6000 JavaThread "jar transforms Thread 70" [_thread_blocked, id=15020, stack(0x000000002b070000,0x000000002b170000)]
  0x000000001fed6800 JavaThread "jar transforms Thread 69" [_thread_blocked, id=18516, stack(0x000000002af70000,0x000000002b070000)]
  0x000000001fed8000 JavaThread "jar transforms Thread 68" [_thread_blocked, id=22360, stack(0x000000002ae70000,0x000000002af70000)]
  0x000000001fed5000 JavaThread "jar transforms Thread 67" [_thread_blocked, id=18624, stack(0x000000002ad70000,0x000000002ae70000)]
  0x000000001fecd800 JavaThread "jar transforms Thread 66" [_thread_blocked, id=15400, stack(0x000000002ac70000,0x000000002ad70000)]
  0x000000001fed3000 JavaThread "jar transforms Thread 65" [_thread_blocked, id=21476, stack(0x000000002ab70000,0x000000002ac70000)]
  0x000000001fed0000 JavaThread "jar transforms Thread 64" [_thread_blocked, id=7380, stack(0x000000002aa70000,0x000000002ab70000)]
  0x000000001fecf000 JavaThread "jar transforms Thread 63" [_thread_blocked, id=20400, stack(0x000000002a970000,0x000000002aa70000)]
  0x000000001fece800 JavaThread "jar transforms Thread 62" [_thread_blocked, id=21936, stack(0x000000002a870000,0x000000002a970000)]
  0x000000001fed4800 JavaThread "jar transforms Thread 61" [_thread_blocked, id=22084, stack(0x000000002a770000,0x000000002a870000)]
  0x000000001fed3800 JavaThread "jar transforms Thread 60" [_thread_blocked, id=15744, stack(0x000000002a670000,0x000000002a770000)]
  0x000000001fed2000 JavaThread "jar transforms Thread 59" [_thread_blocked, id=8636, stack(0x000000002a570000,0x000000002a670000)]
  0x000000001feca800 JavaThread "jar transforms Thread 58" [_thread_blocked, id=20900, stack(0x0000000027700000,0x0000000027800000)]
  0x000000001fecc000 JavaThread "jar transforms Thread 57" [_thread_blocked, id=5172, stack(0x0000000027600000,0x0000000027700000)]
  0x000000001fecb800 JavaThread "jar transforms Thread 56" [_thread_blocked, id=21336, stack(0x0000000029e30000,0x0000000029f30000)]
  0x000000001fed1800 JavaThread "jar transforms Thread 55" [_thread_blocked, id=20644, stack(0x0000000029d30000,0x0000000029e30000)]
  0x000000001fed0800 JavaThread "jar transforms Thread 54" [_thread_blocked, id=22428, stack(0x0000000029c30000,0x0000000029d30000)]
  0x000000001ef91800 JavaThread "jar transforms Thread 53" [_thread_blocked, id=20740, stack(0x0000000029b30000,0x0000000029c30000)]
  0x000000001ef90800 JavaThread "jar transforms Thread 52" [_thread_blocked, id=9120, stack(0x0000000029a30000,0x0000000029b30000)]
  0x000000001ef8f000 JavaThread "jar transforms Thread 51" [_thread_blocked, id=9492, stack(0x0000000029930000,0x0000000029a30000)]
  0x000000001ef8e800 JavaThread "jar transforms Thread 50" [_thread_blocked, id=19944, stack(0x0000000029830000,0x0000000029930000)]
  0x000000001ef90000 JavaThread "jar transforms Thread 49" [_thread_blocked, id=14848, stack(0x0000000029730000,0x0000000029830000)]
  0x000000001ef87000 JavaThread "jar transforms Thread 48" [_thread_blocked, id=20552, stack(0x0000000029630000,0x0000000029730000)]
  0x000000001ef8d800 JavaThread "jar transforms Thread 47" [_thread_blocked, id=8828, stack(0x0000000029530000,0x0000000029630000)]
  0x000000001ef8d000 JavaThread "jar transforms Thread 46" [_thread_blocked, id=13288, stack(0x0000000029430000,0x0000000029530000)]
  0x000000001ef86000 JavaThread "jar transforms Thread 45" [_thread_blocked, id=10288, stack(0x0000000029330000,0x0000000029430000)]
  0x000000001ef8c000 JavaThread "jar transforms Thread 44" [_thread_blocked, id=19932, stack(0x0000000029230000,0x0000000029330000)]
  0x000000001ef8b800 JavaThread "jar transforms Thread 43" [_thread_blocked, id=15376, stack(0x0000000029130000,0x0000000029230000)]
  0x000000001ef84000 JavaThread "jar transforms Thread 42" [_thread_blocked, id=14696, stack(0x0000000029030000,0x0000000029130000)]
  0x000000001ef8a800 JavaThread "jar transforms Thread 41" [_thread_blocked, id=1248, stack(0x0000000028f30000,0x0000000029030000)]
  0x000000001ef8a000 JavaThread "jar transforms Thread 40" [_thread_blocked, id=21168, stack(0x0000000028e30000,0x0000000028f30000)]
  0x000000001ef88800 JavaThread "jar transforms Thread 39" [_thread_blocked, id=21208, stack(0x0000000028d30000,0x0000000028e30000)]
  0x000000001ef83000 JavaThread "jar transforms Thread 38" [_thread_blocked, id=18536, stack(0x0000000028c30000,0x0000000028d30000)]
  0x000000001ef87800 JavaThread "jar transforms Thread 37" [_thread_blocked, id=8292, stack(0x0000000028b30000,0x0000000028c30000)]
  0x000000001ef85800 JavaThread "jar transforms Thread 36" [_thread_blocked, id=4036, stack(0x0000000028a30000,0x0000000028b30000)]
  0x000000001ef82800 JavaThread "jar transforms Thread 35" [_thread_blocked, id=21144, stack(0x0000000028930000,0x0000000028a30000)]
  0x000000001ef84800 JavaThread "jar transforms Thread 34" [_thread_blocked, id=1296, stack(0x0000000028830000,0x0000000028930000)]
  0x000000001ef89000 JavaThread "jar transforms Thread 33" [_thread_blocked, id=21876, stack(0x0000000028730000,0x0000000028830000)]
  0x0000000020084800 JavaThread "jar transforms Thread 32" [_thread_blocked, id=15068, stack(0x0000000028630000,0x0000000028730000)]
  0x0000000020083800 JavaThread "jar transforms Thread 31" [_thread_blocked, id=20144, stack(0x0000000028530000,0x0000000028630000)]
  0x0000000020081800 JavaThread "jar transforms Thread 30" [_thread_blocked, id=9304, stack(0x0000000028430000,0x0000000028530000)]
  0x0000000020080800 JavaThread "jar transforms Thread 29" [_thread_blocked, id=20116, stack(0x0000000028330000,0x0000000028430000)]
  0x000000002007d000 JavaThread "jar transforms Thread 28" [_thread_blocked, id=18520, stack(0x0000000028230000,0x0000000028330000)]
  0x0000000020083000 JavaThread "jar transforms Thread 27" [_thread_blocked, id=11428, stack(0x0000000028130000,0x0000000028230000)]
  0x0000000020080000 JavaThread "jar transforms Thread 26" [_thread_blocked, id=19920, stack(0x0000000028030000,0x0000000028130000)]
  0x000000002007f000 JavaThread "jar transforms Thread 25" [_thread_blocked, id=21064, stack(0x0000000027f30000,0x0000000028030000)]
  0x000000002007d800 JavaThread "jar transforms Thread 24" [_thread_blocked, id=21884, stack(0x0000000027e30000,0x0000000027f30000)]
  0x000000002007e800 JavaThread "jar transforms Thread 23" [_thread_blocked, id=12976, stack(0x0000000027d30000,0x0000000027e30000)]
  0x0000000020082000 JavaThread "jar transforms Thread 22" [_thread_blocked, id=1944, stack(0x0000000027c30000,0x0000000027d30000)]
  0x0000000020075800 JavaThread "jar transforms Thread 21" [_thread_blocked, id=9772, stack(0x0000000027b30000,0x0000000027c30000)]
  0x000000002007c000 JavaThread "Build operations Thread 8" [_thread_blocked, id=21068, stack(0x0000000027500000,0x0000000027600000)]
  0x000000002007a800 JavaThread "Build operations Thread 7" [_thread_blocked, id=21072, stack(0x0000000027400000,0x0000000027500000)]
  0x000000002007a000 JavaThread "Build operations Thread 6" [_thread_blocked, id=21388, stack(0x0000000027300000,0x0000000027400000)]
  0x0000000020077000 JavaThread "Build operations Thread 5" [_thread_blocked, id=18116, stack(0x0000000027200000,0x0000000027300000)]
  0x0000000020076000 JavaThread "Build operations Thread 4" [_thread_blocked, id=10384, stack(0x0000000027100000,0x0000000027200000)]
  0x0000000020079000 JavaThread "Build operations Thread 3" [_thread_blocked, id=17736, stack(0x0000000027000000,0x0000000027100000)]
  0x0000000020078800 JavaThread "Build operations Thread 2" [_thread_blocked, id=21832, stack(0x0000000026f00000,0x0000000027000000)]
  0x0000000020077800 JavaThread "Build operations" [_thread_blocked, id=20800, stack(0x0000000026e00000,0x0000000026f00000)]
  0x000000002007b800 JavaThread "Cache worker for Build Output Cleanup Cache (D:\KULIAH\Predict\.gradle\buildOutputCleanup)" [_thread_blocked, id=9872, stack(0x0000000024060000,0x0000000024160000)]
  0x000000001a85f800 JavaThread "Cache worker for file content cache (C:\Users\R.O.G\.gradle\caches\6.5\fileContent)" [_thread_blocked, id=1544, stack(0x0000000023f60000,0x0000000024060000)]
  0x000000001a85e000 JavaThread "Cache worker for execution history cache (C:\Users\R.O.G\.gradle\caches\6.5\executionHistory)" [_thread_blocked, id=18584, stack(0x0000000023a60000,0x0000000023b60000)]
  0x000000001a860000 JavaThread "Cache worker for cache directory md-rule (C:\Users\R.O.G\.gradle\caches\6.5\md-rule)" [_thread_blocked, id=16348, stack(0x0000000023760000,0x0000000023860000)]
  0x000000001a861800 JavaThread "Cache worker for cache directory md-supplier (C:\Users\R.O.G\.gradle\caches\6.5\md-supplier)" [_thread_blocked, id=18132, stack(0x0000000023660000,0x0000000023760000)]
  0x000000001a856800 JavaThread "Cache worker for checksums cache (D:\KULIAH\Predict\.gradle\checksums)" [_thread_blocked, id=19800, stack(0x00000000210b0000,0x00000000211b0000)]
  0x000000001a85d000 JavaThread "jar transforms Thread 20" [_thread_blocked, id=14980, stack(0x0000000023560000,0x0000000023660000)]
  0x000000001a85c800 JavaThread "jar transforms Thread 19" [_thread_blocked, id=5072, stack(0x0000000023460000,0x0000000023560000)]
  0x000000001a855000 JavaThread "jar transforms Thread 18" [_thread_blocked, id=20460, stack(0x0000000023360000,0x0000000023460000)]
  0x000000001a85b800 JavaThread "jar transforms Thread 17" [_thread_blocked, id=16840, stack(0x0000000023260000,0x0000000023360000)]
  0x000000001a85b000 JavaThread "jar transforms Thread 16" [_thread_blocked, id=11156, stack(0x0000000023160000,0x0000000023260000)]
  0x000000001a853800 JavaThread "jar transforms Thread 15" [_thread_blocked, id=3732, stack(0x0000000023060000,0x0000000023160000)]
  0x000000001a859800 JavaThread "jar transforms Thread 14" [_thread_blocked, id=21364, stack(0x0000000022f60000,0x0000000023060000)]
  0x000000001a858000 JavaThread "jar transforms Thread 13" [_thread_blocked, id=20660, stack(0x0000000022e60000,0x0000000022f60000)]
  0x000000001a857000 JavaThread "jar transforms Thread 12" [_thread_blocked, id=17244, stack(0x0000000022d60000,0x0000000022e60000)]
  0x000000001a85a000 JavaThread "jar transforms Thread 11" [_thread_blocked, id=17868, stack(0x0000000022c60000,0x0000000022d60000)]
  0x000000001a852800 JavaThread "jar transforms Thread 10" [_thread_blocked, id=8448, stack(0x0000000022b60000,0x0000000022c60000)]
  0x000000001a858800 JavaThread "jar transforms Thread 9" [_thread_blocked, id=6796, stack(0x0000000022a60000,0x0000000022b60000)]
  0x000000001a855800 JavaThread "jar transforms Thread 8" [_thread_blocked, id=21584, stack(0x0000000022960000,0x0000000022a60000)]
  0x000000001a854000 JavaThread "jar transforms Thread 7" [_thread_blocked, id=19924, stack(0x0000000022860000,0x0000000022960000)]
  0x000000001c81f800 JavaThread "jar transforms Thread 6" [_thread_blocked, id=4936, stack(0x0000000022760000,0x0000000022860000)]
  0x000000001c81e000 JavaThread "jar transforms Thread 5" [_thread_blocked, id=16536, stack(0x0000000022660000,0x0000000022760000)]
  0x000000001c81d800 JavaThread "jar transforms Thread 4" [_thread_blocked, id=4672, stack(0x0000000022560000,0x0000000022660000)]
  0x000000001c823800 JavaThread "jar transforms Thread 3" [_thread_blocked, id=15968, stack(0x0000000022460000,0x0000000022560000)]
  0x000000001c821000 JavaThread "jar transforms Thread 2" [_thread_blocked, id=9844, stack(0x0000000022360000,0x0000000022460000)]
  0x000000001c81f000 JavaThread "jar transforms" [_thread_blocked, id=21916, stack(0x0000000022260000,0x0000000022360000)]
  0x000000001c822800 JavaThread "Cache worker for file hash cache (D:\KULIAH\Predict\.gradle\6.5\fileHashes)" [_thread_blocked, id=17724, stack(0x0000000020da0000,0x0000000020ea0000)]
  0x000000001c81c800 JavaThread "Cache worker for file hash cache (C:\Users\R.O.G\.gradle\caches\6.5\fileHashes)" [_thread_blocked, id=17596, stack(0x000000001e850000,0x000000001e950000)]
  0x000000001c820800 JavaThread "File lock request listener" [_thread_in_native, id=20640, stack(0x000000001e750000,0x000000001e850000)]
  0x000000001c822000 JavaThread "Cache worker for journal cache (C:\Users\R.O.G\.gradle\caches\journal-1)" [_thread_blocked, id=10036, stack(0x000000001e650000,0x000000001e750000)]
  0x000000001c4b3000 JavaThread "Thread-9" [_thread_blocked, id=6360, stack(0x000000001e350000,0x000000001e450000)]
  0x000000001c4ae000 JavaThread "Stdin handler" [_thread_blocked, id=19992, stack(0x000000001e250000,0x000000001e350000)]
  0x000000001c4d0800 JavaThread "Asynchronous log dispatcher for DefaultDaemonConnection: socket connection from /127.0.0.1:50992 to /127.0.0.1:50993" [_thread_blocked, id=1044, stack(0x000000001e150000,0x000000001e250000)]
  0x000000001c4cc000 JavaThread "Daemon worker" [_thread_in_vm, id=21252, stack(0x000000001e050000,0x000000001e150000)]
  0x000000001c57d000 JavaThread "Cancel handler" [_thread_blocked, id=16748, stack(0x000000001de50000,0x000000001df50000)]
  0x000000001c438800 JavaThread "Handler for socket connection from /127.0.0.1:50992 to /127.0.0.1:50993" [_thread_in_native, id=22524, stack(0x000000001dd50000,0x000000001de50000)]
  0x000000001c433800 JavaThread "Daemon" [_thread_blocked, id=12708, stack(0x000000001da50000,0x000000001db50000)]
  0x000000001c422800 JavaThread "Daemon periodic checks" [_thread_blocked, id=21432, stack(0x000000001d950000,0x000000001da50000)]
  0x000000001c420800 JavaThread "Incoming local TCP Connector on port 50992" [_thread_in_native, id=3800, stack(0x000000001d710000,0x000000001d810000)]
  0x000000001c353800 JavaThread "Daemon health stats" [_thread_blocked, id=6320, stack(0x000000001ced0000,0x000000001cfd0000)]
  0x00000000198f2800 JavaThread "Service Thread" daemon [_thread_blocked, id=22388, stack(0x000000001a530000,0x000000001a630000)]
  0x0000000019877000 JavaThread "C1 CompilerThread3" daemon [_thread_blocked, id=2476, stack(0x000000001a430000,0x000000001a530000)]
  0x0000000019870000 JavaThread "C2 CompilerThread2" daemon [_thread_in_native, id=19468, stack(0x000000001a330000,0x000000001a430000)]
=>0x0000000019869800 JavaThread "C2 CompilerThread1" daemon [_thread_in_native, id=5768, stack(0x000000001a230000,0x000000001a330000)]
  0x0000000019865000 JavaThread "C2 CompilerThread0" daemon [_thread_in_native, id=8060, stack(0x000000001a130000,0x000000001a230000)]
  0x0000000019863800 JavaThread "Attach Listener" daemon [_thread_blocked, id=1536, stack(0x000000001a030000,0x000000001a130000)]
  0x0000000019860800 JavaThread "Signal Dispatcher" daemon [_thread_blocked, id=19028, stack(0x0000000019f30000,0x000000001a030000)]
  0x0000000019851000 JavaThread "Finalizer" daemon [_thread_blocked, id=8628, stack(0x0000000019d30000,0x0000000019e30000)]
  0x0000000019850800 JavaThread "Reference Handler" daemon [_thread_blocked, id=5600, stack(0x0000000019c30000,0x0000000019d30000)]
  0x00000000028fe800 JavaThread "main" [_thread_blocked, id=14984, stack(0x0000000002790000,0x0000000002890000)]

Other Threads:
  0x0000000017a69000 VMThread [stack: 0x0000000019730000,0x0000000019830000] [id=17132]
  0x00000000198a5800 WatcherThread [stack: 0x000000001a630000,0x000000001a730000] [id=17420]

VM state:not at safepoint (normal execution)

VM Mutex/Monitor currently owned by a thread: None

Heap:
 PSYoungGen      total 235520K, used 61565K [0x00000000d5580000, 0x00000000e6e00000, 0x0000000100000000)
  eden space 216576K, 28% used [0x00000000d5580000,0x00000000d919f4a0,0x00000000e2900000)
  from space 18944K, 0% used [0x00000000e3e00000,0x00000000e3e00000,0x00000000e5080000)
  to   space 21504K, 0% used [0x00000000e2900000,0x00000000e2900000,0x00000000e3e00000)
 ParOldGen       total 131072K, used 32836K [0x0000000080000000, 0x0000000088000000, 0x00000000d5580000)
  object space 131072K, 25% used [0x0000000080000000,0x00000000820112a0,0x0000000088000000)
 Metaspace       used 60091K, capacity 62612K, committed 62976K, reserved 1103872K
  class space    used 8169K, capacity 8662K, committed 8704K, reserved 1048576K

Card table byte_map: [0x0000000011dc0000,0x00000000121d0000] byte_map_base: 0x00000000119c0000

Marking Bits: (ParMarkBitMap*) 0x0000000072cb3e30
 Begin Bits: [0x0000000012c80000, 0x0000000014c80000)
 End Bits:   [0x0000000014c80000, 0x0000000016c80000)

Polling page: 0x0000000002700000

CodeCache: size=245760Kb used=17306Kb max_used=17306Kb free=228453Kb
 bounds [0x0000000002a00000, 0x0000000003b00000, 0x0000000011a00000]
 total_blobs=5742 nmethods=4946 adapters=708
 compilation: enabled

Compilation events (10 events):
Event: 7.067 Thread 0x0000000019877000 5609       3       org.gradle.api.internal.provider.AbstractProperty::assertCanMutate (12 bytes)
Event: 7.067 Thread 0x0000000019877000 nmethod 5609 0x0000000003af16d0 code [0x0000000003af1840, 0x0000000003af1b88]
Event: 7.067 Thread 0x0000000019877000 5610       3       org.gradle.api.internal.provider.AbstractProperty$NonFinalizedValue::beforeMutate (34 bytes)
Event: 7.068 Thread 0x0000000019877000 nmethod 5610 0x0000000003af1c90 code [0x0000000003af1ee0, 0x0000000003af2cc8]
Event: 7.079 Thread 0x0000000019877000 5611       3       org.gradle.api.internal.project.DefaultProject::projectPath (9 bytes)
Event: 7.079 Thread 0x0000000019877000 nmethod 5611 0x0000000003af3550 code [0x0000000003af36c0, 0x0000000003af3988]
Event: 7.079 Thread 0x0000000019877000 5613       1       java.util.concurrent.atomic.AtomicLong::getAndIncrement (12 bytes)
Event: 7.079 Thread 0x0000000019877000 nmethod 5613 0x0000000003af3b10 code [0x0000000003af3c60, 0x0000000003af3d70]
Event: 7.079 Thread 0x0000000019877000 5612       3       org.gradle.api.internal.project.DefaultProject::identityPath (9 bytes)
Event: 7.079 Thread 0x0000000019877000 nmethod 5612 0x0000000003af3dd0 code [0x0000000003af3f40, 0x0000000003af4208]

GC Heap History (10 events):
Event: 3.740 GC heap before
{Heap before GC invocations=9 (full 2):
 PSYoungGen      total 125952K, used 8781K [0x00000000d5580000, 0x00000000e2a80000, 0x0000000100000000)
  eden space 112640K, 0% used [0x00000000d5580000,0x00000000d5580000,0x00000000dc380000)
  from space 13312K, 65% used [0x00000000dc380000,0x00000000dcc135d0,0x00000000dd080000)
  to   space 12800K, 0% used [0x00000000e1e00000,0x00000000e1e00000,0x00000000e2a80000)
 ParOldGen       total 87552K, used 6875K [0x0000000080000000, 0x0000000085580000, 0x00000000d5580000)
  object space 87552K, 7% used [0x0000000080000000,0x00000000806b6f80,0x0000000085580000)
 Metaspace       used 34096K, capacity 35408K, committed 35496K, reserved 1079296K
  class space    used 4721K, capacity 5039K, committed 5120K, reserved 1048576K
Event: 3.787 GC heap after
Heap after GC invocations=9 (full 2):
 PSYoungGen      total 125952K, used 0K [0x00000000d5580000, 0x00000000e2a80000, 0x0000000100000000)
  eden space 112640K, 0% used [0x00000000d5580000,0x00000000d5580000,0x00000000dc380000)
  from space 13312K, 0% used [0x00000000dc380000,0x00000000dc380000,0x00000000dd080000)
  to   space 12800K, 0% used [0x00000000e1e00000,0x00000000e1e00000,0x00000000e2a80000)
 ParOldGen       total 131072K, used 15176K [0x0000000080000000, 0x0000000088000000, 0x00000000d5580000)
  object space 131072K, 11% used [0x0000000080000000,0x0000000080ed20e8,0x0000000088000000)
 Metaspace       used 34096K, capacity 35408K, committed 35496K, reserved 1079296K
  class space    used 4721K, capacity 5039K, committed 5120K, reserved 1048576K
}
Event: 4.699 GC heap before
{Heap before GC invocations=10 (full 2):
 PSYoungGen      total 125952K, used 112640K [0x00000000d5580000, 0x00000000e2a80000, 0x0000000100000000)
  eden space 112640K, 100% used [0x00000000d5580000,0x00000000dc380000,0x00000000dc380000)
  from space 13312K, 0% used [0x00000000dc380000,0x00000000dc380000,0x00000000dd080000)
  to   space 12800K, 0% used [0x00000000e1e00000,0x00000000e1e00000,0x00000000e2a80000)
 ParOldGen       total 131072K, used 15176K [0x0000000080000000, 0x0000000088000000, 0x00000000d5580000)
  object space 131072K, 11% used [0x0000000080000000,0x0000000080ed20e8,0x0000000088000000)
 Metaspace       used 40980K, capacity 42680K, committed 43008K, reserved 1085440K
  class space    used 5692K, capacity 6048K, committed 6144K, reserved 1048576K
Event: 4.709 GC heap after
Heap after GC invocations=10 (full 2):
 PSYoungGen      total 182784K, used 12141K [0x00000000d5580000, 0x00000000e2a00000, 0x0000000100000000)
  eden space 170496K, 0% used [0x00000000d5580000,0x00000000d5580000,0x00000000dfc00000)
  from space 12288K, 98% used [0x00000000e1e00000,0x00000000e29db510,0x00000000e2a00000)
  to   space 14336K, 0% used [0x00000000e0e00000,0x00000000e0e00000,0x00000000e1c00000)
 ParOldGen       total 131072K, used 15184K [0x0000000080000000, 0x0000000088000000, 0x00000000d5580000)
  object space 131072K, 11% used [0x0000000080000000,0x0000000080ed40e8,0x0000000088000000)
 Metaspace       used 40980K, capacity 42680K, committed 43008K, reserved 1085440K
  class space    used 5692K, capacity 6048K, committed 6144K, reserved 1048576K
}
Event: 5.988 GC heap before
{Heap before GC invocations=11 (full 2):
 PSYoungGen      total 182784K, used 182637K [0x00000000d5580000, 0x00000000e2a00000, 0x0000000100000000)
  eden space 170496K, 100% used [0x00000000d5580000,0x00000000dfc00000,0x00000000dfc00000)
  from space 12288K, 98% used [0x00000000e1e00000,0x00000000e29db510,0x00000000e2a00000)
  to   space 14336K, 0% used [0x00000000e0e00000,0x00000000e0e00000,0x00000000e1c00000)
 ParOldGen       total 131072K, used 15184K [0x0000000080000000, 0x0000000088000000, 0x00000000d5580000)
  object space 131072K, 11% used [0x0000000080000000,0x0000000080ed40e8,0x0000000088000000)
 Metaspace       used 52190K, capacity 54416K, committed 54784K, reserved 1095680K
  class space    used 7134K, capacity 7553K, committed 7680K, reserved 1048576K
Event: 6.001 GC heap after
Heap after GC invocations=11 (full 2):
 PSYoungGen      total 203264K, used 14324K [0x00000000d5580000, 0x00000000e5080000, 0x0000000100000000)
  eden space 188928K, 0% used [0x00000000d5580000,0x00000000d5580000,0x00000000e0e00000)
  from space 14336K, 99% used [0x00000000e0e00000,0x00000000e1bfd3b0,0x00000000e1c00000)
  to   space 18944K, 0% used [0x00000000e3e00000,0x00000000e3e00000,0x00000000e5080000)
 ParOldGen       total 131072K, used 22785K [0x0000000080000000, 0x0000000088000000, 0x00000000d5580000)
  object space 131072K, 17% used [0x0000000080000000,0x00000000816407e0,0x0000000088000000)
 Metaspace       used 52190K, capacity 54416K, committed 54784K, reserved 1095680K
  class space    used 7134K, capacity 7553K, committed 7680K, reserved 1048576K
}
Event: 6.413 GC heap before
{Heap before GC invocations=12 (full 2):
 PSYoungGen      total 203264K, used 60654K [0x00000000d5580000, 0x00000000e5080000, 0x0000000100000000)
  eden space 188928K, 24% used [0x00000000d5580000,0x00000000d82be6d0,0x00000000e0e00000)
  from space 14336K, 99% used [0x00000000e0e00000,0x00000000e1bfd3b0,0x00000000e1c00000)
  to   space 18944K, 0% used [0x00000000e3e00000,0x00000000e3e00000,0x00000000e5080000)
 ParOldGen       total 131072K, used 22785K [0x0000000080000000, 0x0000000088000000, 0x00000000d5580000)
  object space 131072K, 17% used [0x0000000080000000,0x00000000816407e0,0x0000000088000000)
 Metaspace       used 56685K, capacity 58994K, committed 59160K, reserved 1099776K
  class space    used 7647K, capacity 8046K, committed 8064K, reserved 1048576K
Event: 6.424 GC heap after
Heap after GC invocations=12 (full 2):
 PSYoungGen      total 235520K, used 18927K [0x00000000d5580000, 0x00000000e6e00000, 0x0000000100000000)
  eden space 216576K, 0% used [0x00000000d5580000,0x00000000d5580000,0x00000000e2900000)
  from space 18944K, 99% used [0x00000000e3e00000,0x00000000e507bdf8,0x00000000e5080000)
  to   space 21504K, 0% used [0x00000000e2900000,0x00000000e2900000,0x00000000e3e00000)
 ParOldGen       total 131072K, used 22988K [0x0000000080000000, 0x0000000088000000, 0x00000000d5580000)
  object space 131072K, 17% used [0x0000000080000000,0x0000000081673020,0x0000000088000000)
 Metaspace       used 56685K, capacity 58994K, committed 59160K, reserved 1099776K
  class space    used 7647K, capacity 8046K, committed 8064K, reserved 1048576K
}
Event: 6.424 GC heap before
{Heap before GC invocations=13 (full 3):
 PSYoungGen      total 235520K, used 18927K [0x00000000d5580000, 0x00000000e6e00000, 0x0000000100000000)
  eden space 216576K, 0% used [0x00000000d5580000,0x00000000d5580000,0x00000000e2900000)
  from space 18944K, 99% used [0x00000000e3e00000,0x00000000e507bdf8,0x00000000e5080000)
  to   space 21504K, 0% used [0x00000000e2900000,0x00000000e2900000,0x00000000e3e00000)
 ParOldGen       total 131072K, used 22988K [0x0000000080000000, 0x0000000088000000, 0x00000000d5580000)
  object space 131072K, 17% used [0x0000000080000000,0x0000000081673020,0x0000000088000000)
 Metaspace       used 56685K, capacity 58994K, committed 59160K, reserved 1099776K
  class space    used 7647K, capacity 8046K, committed 8064K, reserved 1048576K
Event: 6.607 GC heap after
Heap after GC invocations=13 (full 3):
 PSYoungGen      total 235520K, used 0K [0x00000000d5580000, 0x00000000e6e00000, 0x0000000100000000)
  eden space 216576K, 0% used [0x00000000d5580000,0x00000000d5580000,0x00000000e2900000)
  from space 18944K, 0% used [0x00000000e3e00000,0x00000000e3e00000,0x00000000e5080000)
  to   space 21504K, 0% used [0x00000000e2900000,0x00000000e2900000,0x00000000e3e00000)
 ParOldGen       total 131072K, used 32836K [0x0000000080000000, 0x0000000088000000, 0x00000000d5580000)
  object space 131072K, 25% used [0x0000000080000000,0x00000000820112a0,0x0000000088000000)
 Metaspace       used 56632K, capacity 58838K, committed 59160K, reserved 1099776K
  class space    used 7630K, capacity 8017K, committed 8064K, reserved 1048576K
}

Deoptimization events (10 events):
Event: 6.184 Thread 0x000000001c4cc000 Uncommon trap: reason=unstable_if action=reinterpret pc=0x0000000003417234 method=com.sun.org.apache.xerces.internal.impl.XMLEntityScanner.checkBeforeLoad(Lcom/sun/xml/internal/stream/Entity$ScannedEntity;II)I @ 18
Event: 6.230 Thread 0x000000001c4cc000 Uncommon trap: reason=unstable_if action=reinterpret pc=0x00000000039c8730 method=org.gradle.internal.instantiation.generator.AbstractClassGenerator$InjectionAnnotationValidator.validateMethod(Ljava/lang/reflect/Method;Lorg/gradle/internal/reflect/Propert
Event: 6.230 Thread 0x000000001c4cc000 Uncommon trap: reason=unstable_if action=reinterpret pc=0x00000000039c9cc0 method=org.gradle.internal.instantiation.generator.AbstractClassGenerator$InjectionAnnotationValidator.validateMethod(Ljava/lang/reflect/Method;Lorg/gradle/internal/reflect/Propert
Event: 6.280 Thread 0x000000001c4cc000 Uncommon trap: reason=unstable_if action=reinterpret pc=0x0000000002bcab5c method=java.lang.String.replace(CC)Ljava/lang/String; @ 2
Event: 6.283 Thread 0x000000001c4cc000 Uncommon trap: reason=bimorphic action=maybe_recompile pc=0x00000000036957d0 method=org.codehaus.groovy.runtime.metaclass.MetaMethodIndex.addMethodToList(Ljava/lang/Object;Lgroovy/lang/MetaMethod;)Ljava/lang/Object; @ 102
Event: 6.283 Thread 0x000000001c4cc000 Uncommon trap: reason=unstable_if action=reinterpret pc=0x0000000003895c48 method=org.codehaus.groovy.runtime.metaclass.MetaMethodIndex.copyNonPrivateNonNewMetaMethods(Lorg/codehaus/groovy/runtime/metaclass/MetaMethodIndex$Entry;Lorg/codehaus/groovy/runti
Event: 6.283 Thread 0x000000001c4cc000 Uncommon trap: reason=unstable_if action=reinterpret pc=0x00000000038cdcc0 method=groovy.lang.MetaClassImpl$1MOPIter.methodNameAction(Ljava/lang/Class;Lorg/codehaus/groovy/runtime/metaclass/MetaMethodIndex$Entry;)V @ 182
Event: 6.353 Thread 0x000000001c4cc000 Uncommon trap: reason=unstable_if action=reinterpret pc=0x0000000002db24a4 method=java.lang.String.lastIndexOf([CII[CIII)I @ 17
Event: 6.727 Thread 0x000000001c4cc000 Uncommon trap: reason=null_check action=make_not_entrant pc=0x0000000003230ba0 method=java.lang.Class.searchMethods([Ljava/lang/reflect/Method;Ljava/lang/String;[Ljava/lang/Class;)Ljava/lang/reflect/Method; @ 59
Event: 6.770 Thread 0x000000001c4cc000 Uncommon trap: reason=unstable_if action=reinterpret pc=0x00000000038df504 method=groovy.lang.MetaClassImpl.filterPropertyMethod(Ljava/lang/Object;ZZ)Ljava/lang/Object; @ 72

Classes redefined (0 events):
No events

Internal exceptions (10 events):
Event: 6.778 Thread 0x000000001c4cc000 Exception <a 'java/lang/ClassNotFoundException': java/lang/EnumCustomizer> (0x00000000d75748d0) thrown at [C:\re\workspace\8-2-build-windows-amd64-cygwin\jdk8u191\11896\hotspot\src\share\vm\classfile\systemDictionary.cpp, line 210]
Event: 6.779 Thread 0x000000001c4cc000 Exception <a 'java/lang/ClassNotFoundException': org/gradle/api/JavaVersionCustomizer> (0x00000000d75ab3e8) thrown at [C:\re\workspace\8-2-build-windows-amd64-cygwin\jdk8u191\11896\hotspot\src\share\vm\classfile\systemDictionary.cpp, line 210]
Event: 6.781 Thread 0x000000001c4cc000 Exception <a 'java/lang/ClassNotFoundException': com/android/build/gradle/internal/CompileOptions_DecoratedBeanInfo> (0x00000000d76104c8) thrown at [C:\re\workspace\8-2-build-windows-amd64-cygwin\jdk8u191\11896\hotspot\src\share\vm\classfile\systemDiction
Event: 6.781 Thread 0x000000001c4cc000 Exception <a 'java/lang/ClassNotFoundException': com/android/build/gradle/internal/CompileOptionsBeanInfo> (0x00000000d7630148) thrown at [C:\re\workspace\8-2-build-windows-amd64-cygwin\jdk8u191\11896\hotspot\src\share\vm\classfile\systemDictionary.cpp, l
Event: 6.781 Thread 0x000000001c4cc000 Exception <a 'java/lang/ClassNotFoundException': com/android/build/gradle/internal/CompileOptionsCustomizer> (0x00000000d764ffc0) thrown at [C:\re\workspace\8-2-build-windows-amd64-cygwin\jdk8u191\11896\hotspot\src\share\vm\classfile\systemDictionary.cpp,
Event: 6.782 Thread 0x000000001c4cc000 Exception <a 'java/lang/ClassNotFoundException': com/android/build/gradle/internal/CompileOptions_DecoratedCustomizer> (0x00000000d7686290) thrown at [C:\re\workspace\8-2-build-windows-amd64-cygwin\jdk8u191\11896\hotspot\src\share\vm\classfile\systemDicti
Event: 6.794 Thread 0x000000001c4cc000 Exception <a 'java/lang/ClassNotFoundException': org/jetbrains/kotlin/gradle/dsl/KotlinJvmOptionsImplBeanInfo> (0x00000000d77ff578) thrown at [C:\re\workspace\8-2-build-windows-amd64-cygwin\jdk8u191\11896\hotspot\src\share\vm\classfile\systemDictionary.cp
Event: 6.794 Thread 0x000000001c4cc000 Exception <a 'java/lang/ClassNotFoundException': org/jetbrains/kotlin/gradle/dsl/KotlinJvmOptionsBaseBeanInfo> (0x00000000d781fd38) thrown at [C:\re\workspace\8-2-build-windows-amd64-cygwin\jdk8u191\11896\hotspot\src\share\vm\classfile\systemDictionary.cp
Event: 6.794 Thread 0x000000001c4cc000 Exception <a 'java/lang/ClassNotFoundException': org/jetbrains/kotlin/gradle/dsl/KotlinJvmOptionsBaseCustomizer> (0x00000000d7840bb8) thrown at [C:\re\workspace\8-2-build-windows-amd64-cygwin\jdk8u191\11896\hotspot\src\share\vm\classfile\systemDictionary.
Event: 6.795 Thread 0x000000001c4cc000 Exception <a 'java/lang/ClassNotFoundException': org/jetbrains/kotlin/gradle/dsl/KotlinJvmOptionsImplCustomizer> (0x00000000d78874d8) thrown at [C:\re\workspace\8-2-build-windows-amd64-cygwin\jdk8u191\11896\hotspot\src\share\vm\classfile\systemDictionary.

Events (10 events):
Event: 7.078 loading class org/gradle/api/internal/provider/AbstractCollectionProperty$PlusCollector
Event: 7.078 loading class org/gradle/api/internal/provider/AbstractCollectionProperty$PlusCollector done
Event: 7.079 loading class com/android/build/gradle/internal/tasks/StripDebugSymbolsTask
Event: 7.079 loading class com/android/build/gradle/internal/tasks/StripDebugSymbolsTask done
Event: 7.080 loading class com/android/build/gradle/internal/tasks/StripDebugSymbolsTask$CreationAction$handleProvider$1
Event: 7.080 loading class com/android/build/gradle/internal/tasks/StripDebugSymbolsTask$CreationAction$handleProvider$1 done
Event: 7.081 loading class com/android/build/gradle/internal/scope/InternalArtifactType$STRIPPED_NATIVE_LIBS
Event: 7.081 loading class com/android/build/gradle/internal/scope/InternalArtifactType$STRIPPED_NATIVE_LIBS done
Event: 7.081 loading class com/android/build/gradle/internal/tasks/ExtractNativeDebugMetadataTask
Event: 7.081 loading class com/android/build/gradle/internal/tasks/ExtractNativeDebugMetadataTask done


Dynamic libraries:
0x00007ff6671c0000 - 0x00007ff6671f7000 	C:\Program Files\Java\jdk1.8.0_191\bin\java.exe
0x00007ff840620000 - 0x00007ff840810000 	C:\WINDOWS\SYSTEM32\ntdll.dll
0x00007ff83fbe0000 - 0x00007ff83fc92000 	C:\WINDOWS\System32\KERNEL32.DLL
0x00007ff83daa0000 - 0x00007ff83dd45000 	C:\WINDOWS\System32\KERNELBASE.dll
0x00007ff83f190000 - 0x00007ff83f233000 	C:\WINDOWS\System32\ADVAPI32.dll
0x00007ff83e6d0000 - 0x00007ff83e76e000 	C:\WINDOWS\System32\msvcrt.dll
0x00007ff83e960000 - 0x00007ff83e9f7000 	C:\WINDOWS\System32\sechost.dll
0x00007ff83f240000 - 0x00007ff83f360000 	C:\WINDOWS\System32\RPCRT4.dll
0x00007ff83fcb0000 - 0x00007ff83fe45000 	C:\WINDOWS\System32\USER32.dll
0x00007ff83d720000 - 0x00007ff83d741000 	C:\WINDOWS\System32\win32u.dll
0x00007ff83ef80000 - 0x00007ff83efa6000 	C:\WINDOWS\System32\GDI32.dll
0x00007ff83e530000 - 0x00007ff83e6c6000 	C:\WINDOWS\System32\gdi32full.dll
0x00007ff83d850000 - 0x00007ff83d8ee000 	C:\WINDOWS\System32\msvcp_win.dll
0x00007ff83d920000 - 0x00007ff83da1a000 	C:\WINDOWS\System32\ucrtbase.dll
0x00007ff82a5d0000 - 0x00007ff82a854000 	C:\WINDOWS\WinSxS\amd64_microsoft.windows.common-controls_6595b64144ccf1df_6.0.18362.1082_none_9e8193e1e45b25c1\COMCTL32.dll
0x00007ff8402a0000 - 0x00007ff8405d5000 	C:\WINDOWS\System32\combase.dll
0x00007ff83da20000 - 0x00007ff83daa0000 	C:\WINDOWS\System32\bcryptPrimitives.dll
0x00007ff83f020000 - 0x00007ff83f04e000 	C:\WINDOWS\System32\IMM32.DLL
0x0000000072d40000 - 0x0000000072e12000 	C:\Program Files\Java\jdk1.8.0_191\jre\bin\msvcr100.dll
0x0000000072490000 - 0x0000000072d34000 	C:\Program Files\Java\jdk1.8.0_191\jre\bin\server\jvm.dll
0x00007ff840230000 - 0x00007ff840238000 	C:\WINDOWS\System32\PSAPI.DLL
0x00007ff826800000 - 0x00007ff826809000 	C:\WINDOWS\SYSTEM32\WSOCK32.dll
0x00007ff839000000 - 0x00007ff839024000 	C:\WINDOWS\SYSTEM32\WINMM.dll
0x00007ff8354c0000 - 0x00007ff8354ca000 	C:\WINDOWS\SYSTEM32\VERSION.dll
0x00007ff83fb70000 - 0x00007ff83fbdf000 	C:\WINDOWS\System32\WS2_32.dll
0x00007ff838fb0000 - 0x00007ff838fdd000 	C:\WINDOWS\SYSTEM32\WINMMBASE.dll
0x00007ff83d800000 - 0x00007ff83d84a000 	C:\WINDOWS\System32\cfgmgr32.dll
0x0000000072480000 - 0x000000007248f000 	C:\Program Files\Java\jdk1.8.0_191\jre\bin\verify.dll
0x0000000072450000 - 0x0000000072479000 	C:\Program Files\Java\jdk1.8.0_191\jre\bin\java.dll
0x00000000723e0000 - 0x00000000723f6000 	C:\Program Files\Java\jdk1.8.0_191\jre\bin\zip.dll
0x00007ff83f480000 - 0x00007ff83fb67000 	C:\WINDOWS\System32\SHELL32.dll
0x00007ff83f370000 - 0x00007ff83f419000 	C:\WINDOWS\System32\shcore.dll
0x00007ff83dd50000 - 0x00007ff83e4d0000 	C:\WINDOWS\System32\windows.storage.dll
0x00007ff83d580000 - 0x00007ff83d5a3000 	C:\WINDOWS\System32\profapi.dll
0x00007ff83d4f0000 - 0x00007ff83d53a000 	C:\WINDOWS\System32\powrprof.dll
0x00007ff83d4e0000 - 0x00007ff83d4f0000 	C:\WINDOWS\System32\UMPDC.dll
0x00007ff840240000 - 0x00007ff840292000 	C:\WINDOWS\System32\shlwapi.dll
0x00007ff83d540000 - 0x00007ff83d551000 	C:\WINDOWS\System32\kernel.appcore.dll
0x00007ff83d5b0000 - 0x00007ff83d5c7000 	C:\WINDOWS\System32\cryptsp.dll
0x00000000723c0000 - 0x00000000723da000 	C:\Program Files\Java\jdk1.8.0_191\jre\bin\net.dll
0x00007ff83cd30000 - 0x00007ff83cd97000 	C:\WINDOWS\system32\mswsock.dll
0x00000000723a0000 - 0x00000000723b1000 	C:\Program Files\Java\jdk1.8.0_191\jre\bin\nio.dll
0x00007ff81d830000 - 0x00007ff81d857000 	C:\Users\R.O.G\.gradle\native\f6784746aeab05261644944871eae4fe03e0ef1612fff0a4a95f87b438bc6780\windows-amd64\native-platform.dll
0x0000000072390000 - 0x000000007239d000 	C:\Program Files\Java\jdk1.8.0_191\jre\bin\management.dll
0x00007ff83c890000 - 0x00007ff83c8c3000 	C:\WINDOWS\system32\rsaenh.dll
0x00007ff83d8f0000 - 0x00007ff83d916000 	C:\WINDOWS\System32\bcrypt.dll
0x00007ff83d400000 - 0x00007ff83d425000 	C:\WINDOWS\SYSTEM32\USERENV.dll
0x00007ff83cf00000 - 0x00007ff83cf0c000 	C:\WINDOWS\SYSTEM32\CRYPTBASE.dll
0x00007ff83ca40000 - 0x00007ff83ca7a000 	C:\WINDOWS\SYSTEM32\IPHLPAPI.DLL
0x00007ff83fca0000 - 0x00007ff83fca8000 	C:\WINDOWS\System32\NSI.dll
0x00007ff8355a0000 - 0x00007ff8355b6000 	C:\WINDOWS\SYSTEM32\dhcpcsvc6.DLL
0x00007ff836650000 - 0x00007ff83666c000 	C:\WINDOWS\SYSTEM32\dhcpcsvc.DLL
0x00007ff83ca80000 - 0x00007ff83cb4b000 	C:\WINDOWS\SYSTEM32\DNSAPI.dll
0x00007ff8375b0000 - 0x00007ff8375bb000 	C:\WINDOWS\SYSTEM32\WINNSI.DLL

VM Arguments:
jvm_args: -Xmx2048m -Dfile.encoding=UTF-8 -Duser.country=ID -Duser.language=en -Duser.variant 
java_command: org.gradle.launcher.daemon.bootstrap.GradleDaemon 6.5
java_class_path (initial): C:\Users\R.O.G\.gradle\wrapper\dists\gradle-6.5-bin\6nifqtx7604sqp1q6g8wikw7p\gradle-6.5\lib\gradle-launcher-6.5.jar
Launcher Type: SUN_STANDARD

Environment Variables:
JAVA_HOME=C:\Program Files\Java\jdk1.8.0_191
USERNAME=R.O.G
OS=Windows_NT
PROCESSOR_IDENTIFIER=Intel64 Family 6 Model 158 Stepping 9, GenuineIntel



---------------  S Y S T E M  ---------------

OS: Windows 10.0 , 64 bit Build 18362 (10.0.18362.1082)

CPU:total 8 (initial active 8) (4 cores per cpu, 2 threads per core) family 6 model 158 stepping 9, cmov, cx8, fxsr, mmx, sse, sse2, sse3, ssse3, sse4.1, sse4.2, popcnt, avx, avx2, aes, clmul, erms, 3dnowpref, lzcnt, ht, tsc, tscinvbit, bmi1, bmi2, adx

Memory: 4k page, physical 16659272k(2856328k free), swap 23714556k(4136k free)

vm_info: Java HotSpot(TM) 64-Bit Server VM (25.191-b12) for windows-amd64 JRE (1.8.0_191-b12), built on Oct  6 2018 09:29:03 by "java_re" with MS VC++ 10.0 (VS2010)

time: Fri May 21 01:43:33 2021
elapsed time: 7 seconds (0d 0h 0m 7s)

